#-----------------------------------------------------------
# Vivado v2018.3 (64-bit)
# SW Build 2405991 on Thu Dec  6 23:38:27 MST 2018
# IP Build 2404404 on Fri Dec  7 01:43:56 MST 2018
# Start of session at: Thu Dec 16 22:43:46 2021
# Process ID: 16440
# Current directory: C:/Users/AERO/Desktop/project/RISCV_NYU
# Command line: vivado.exe -gui_launcher_event rodinguilauncherevent12664 C:\Users\AERO\Desktop\project\RISCV_NYU\RISCV.xpr
# Log file: C:/Users/AERO/Desktop/project/RISCV_NYU/vivado.log
# Journal file: C:/Users/AERO/Desktop/project/RISCV_NYU\vivado.jou
#-----------------------------------------------------------
start_gui
open_project C:/Users/AERO/Desktop/project/RISCV_NYU/RISCV.xpr
INFO: [Project 1-313] Project file moved from 'D:/Workfile/Git/RISCV_NYU' since last save.
Scanning sources...
Finished scanning sources
INFO: [IP_Flow 19-234] Refreshing IP repositories
INFO: [IP_Flow 19-1704] No user IP repositories specified
INFO: [IP_Flow 19-2313] Loaded Vivado IP repository 'C:/Xilinx/Vivado/2018.3/data/ip'.
launch_simulation
INFO: [Vivado 12-5682] Launching behavioral simulation in 'C:/Users/AERO/Desktop/project/RISCV_NYU/RISCV.sim/sim_1/behav/xsim'
INFO: [SIM-utils-51] Simulation object is 'sim_1'
INFO: [SIM-utils-54] Inspecting design source files for 'testbatch' in fileset 'sim_1'...
INFO: [SIM-utils-43] Exported 'C:/Users/AERO/Desktop/project/RISCV_NYU/RISCV.sim/sim_1/behav/xsim/test_alu.txt'
INFO: [SIM-utils-43] Exported 'C:/Users/AERO/Desktop/project/RISCV_NYU/RISCV.sim/sim_1/behav/xsim/test_reg.txt'
INFO: [USF-XSim-97] Finding global include files...
INFO: [USF-XSim-100] Fetching design files from 'sources_1'...(this may take a while)...
INFO: [USF-XSim-101] Fetching design files from 'sim_1'...
INFO: [USF-XSim-2] XSim::Compile design
INFO: [USF-XSim-61] Executing 'COMPILE and ANALYZE' step in 'C:/Users/AERO/Desktop/project/RISCV_NYU/RISCV.sim/sim_1/behav/xsim'
"xvlog --incr --relax -prj testbatch_vlog.prj"
INFO: [VRFC 10-2263] Analyzing Verilog file "C:/Users/AERO/Desktop/project/RISCV_NYU/RISCV.srcs/sources_1/new/InstructionMemory.v" into library xil_defaultlib
INFO: [VRFC 10-311] analyzing module InstructionMemory
INFO: [VRFC 10-2263] Analyzing Verilog file "C:/Users/AERO/Desktop/project/RISCV_NYU/RISCV.srcs/sources_1/new/DataMemory.v" into library xil_defaultlib
INFO: [VRFC 10-311] analyzing module DataMemory
INFO: [VRFC 10-2263] Analyzing Verilog file "C:/Users/AERO/Desktop/project/RISCV_NYU/RISCV.srcs/sim_1/new/IM_testbench.v" into library xil_defaultlib
INFO: [VRFC 10-311] analyzing module IM_testbench
INFO: [VRFC 10-2263] Analyzing Verilog file "C:/Users/AERO/Desktop/project/RISCV_NYU/RISCV.srcs/sim_1/new/DM_testbench.v" into library xil_defaultlib
INFO: [VRFC 10-311] analyzing module DM_testbench
INFO: [VRFC 10-2263] Analyzing Verilog file "C:/Users/AERO/Desktop/project/RISCV_NYU/RISCV.sim/sim_1/behav/xsim/glbl.v" into library xil_defaultlib
INFO: [VRFC 10-311] analyzing module glbl
"xvhdl --incr --relax -prj testbatch_vhdl.prj"
INFO: [VRFC 10-163] Analyzing VHDL file "C:/Users/AERO/Desktop/project/RISCV_NYU/RISCV.srcs/sources_1/imports/Desktop/reg.vhd" into library xil_defaultlib
INFO: [VRFC 10-3107] analyzing entity 'reg'
INFO: [VRFC 10-163] Analyzing VHDL file "C:/Users/AERO/Desktop/project/RISCV_NYU/RISCV.srcs/sources_1/imports/Desktop/control_unit.vhd" into library xil_defaultlib
INFO: [VRFC 10-3107] analyzing entity 'Control_Unit'
INFO: [VRFC 10-163] Analyzing VHDL file "C:/Users/AERO/Desktop/project/RISCV_NYU/RISCV.srcs/sources_1/imports/Desktop/pc.vhd" into library xil_defaultlib
INFO: [VRFC 10-3107] analyzing entity 'PC'
INFO: [VRFC 10-163] Analyzing VHDL file "C:/Users/AERO/Desktop/project/RISCV_NYU/RISCV.srcs/sources_1/imports/Desktop/alu.vhd" into library xil_defaultlib
INFO: [VRFC 10-3107] analyzing entity 'alu'
INFO: [VRFC 10-163] Analyzing VHDL file "C:/Users/AERO/Desktop/project/RISCV_NYU/RISCV.srcs/sources_1/new/TOP.vhd" into library xil_defaultlib
INFO: [VRFC 10-3107] analyzing entity 'TOP'
INFO: [VRFC 10-163] Analyzing VHDL file "C:/Users/AERO/Desktop/project/RISCV_NYU/RISCV.srcs/sim_1/new/testbatch_rst.vhd" into library xil_defaultlib
INFO: [VRFC 10-3107] analyzing entity 'testbatch'
INFO: [VRFC 10-163] Analyzing VHDL file "C:/Users/AERO/Desktop/project/RISCV_NYU/RISCV.srcs/sim_1/new/pc-testbench.vhd" into library xil_defaultlib
INFO: [VRFC 10-3107] analyzing entity 'pc_test'
INFO: [VRFC 10-163] Analyzing VHDL file "C:/Users/AERO/Desktop/project/RISCV_NYU/RISCV.srcs/sim_1/new/test_alu.vhd" into library xil_defaultlib
INFO: [VRFC 10-3107] analyzing entity 'test_alu'
INFO: [VRFC 10-163] Analyzing VHDL file "C:/Users/AERO/Desktop/project/RISCV_NYU/RISCV.srcs/sim_1/new/test_reg.vhd" into library xil_defaultlib
INFO: [VRFC 10-3107] analyzing entity 'test_reg'
INFO: [VRFC 10-163] Analyzing VHDL file "C:/Users/AERO/Desktop/project/RISCV_NYU/RISCV.srcs/sim_1/new/control_unit_testbench.vhd" into library xil_defaultlib
INFO: [VRFC 10-3107] analyzing entity 'ctu_test'
INFO: [USF-XSim-69] 'compile' step finished in '2' seconds
INFO: [USF-XSim-3] XSim::Elaborate design
INFO: [USF-XSim-61] Executing 'ELABORATE' step in 'C:/Users/AERO/Desktop/project/RISCV_NYU/RISCV.sim/sim_1/behav/xsim'
Vivado Simulator 2018.3
Copyright 1986-1999, 2001-2018 Xilinx, Inc. All Rights Reserved.
Running: C:/Xilinx/Vivado/2018.3/bin/unwrapped/win64.o/xelab.exe -wto 2385a856cd5d44a1addce1cd766aee52 --incr --debug typical --relax --mt 2 -L xil_defaultlib -L unisims_ver -L unimacro_ver -L secureip --snapshot testbatch_behav xil_defaultlib.testbatch xil_defaultlib.glbl -log elaborate.log 
Using 2 slave threads.
Starting static elaboration
Completed static elaboration
Starting simulation data flow analysis
Completed simulation data flow analysis
Time Resolution for simulation is 1ps
Compiling package std.standard
Compiling package std.textio
Compiling package ieee.std_logic_1164
Compiling package ieee.numeric_std
Compiling package std.env
Compiling package ieee.std_logic_arith
Compiling package ieee.std_logic_unsigned
Compiling package vl.vl_types
Compiling module xil_defaultlib.glbl
Compiling architecture ctu of entity xil_defaultlib.Control_Unit [control_unit_default]
Compiling architecture pc_func of entity xil_defaultlib.PC [pc_default]
Compiling architecture behavioral of entity xil_defaultlib.reg [reg_default]
Compiling module xil_defaultlib.InstructionMemory
Compiling architecture behavioral of entity xil_defaultlib.alu [alu_default]
Compiling module xil_defaultlib.DataMemory
Compiling architecture behavioral of entity xil_defaultlib.TOP [top_default]
Compiling architecture behavioral of entity xil_defaultlib.testbatch
Built simulation snapshot testbatch_behav

****** Webtalk v2018.3 (64-bit)
  **** SW Build 2405991 on Thu Dec  6 23:38:27 MST 2018
  **** IP Build 2404404 on Fri Dec  7 01:43:56 MST 2018
    ** Copyright 1986-2018 Xilinx, Inc. All Rights Reserved.

source C:/Users/AERO/Desktop/project/RISCV_NYU/RISCV.sim/sim_1/behav/xsim/xsim.dir/testbatch_behav/webtalk/xsim_webtalk.tcl -notrace
INFO: [Common 17-206] Exiting Webtalk at Thu Dec 16 22:44:12 2021...
INFO: [USF-XSim-69] 'elaborate' step finished in '3' seconds
INFO: [USF-XSim-4] XSim::Simulate design
INFO: [USF-XSim-61] Executing 'SIMULATE' step in 'C:/Users/AERO/Desktop/project/RISCV_NYU/RISCV.sim/sim_1/behav/xsim'
INFO: [USF-XSim-98] *** Running xsim
   with args "testbatch_behav -key {Behavioral:sim_1:Functional:testbatch} -tclbatch {testbatch.tcl} -log {simulate.log}"
INFO: [USF-XSim-8] Loading simulator feature
Vivado Simulator 2018.3
Time resolution is 1 ps
source testbatch.tcl
# set curr_wave [current_wave_config]
# if { [string length $curr_wave] == 0 } {
#   if { [llength [get_objects]] > 0} {
#     add_wave /
#     set_property needs_save false [current_wave_config]
#   } else {
#      send_msg_id Add_Wave-1 WARNING "No top level signals found. Simulator will start without a wave window. If you want to open a wave window go to 'File->New Waveform Configuration' or type 'create_wave_config' in the TCL console."
#   }
# }
# run 1000ns
INFO: [USF-XSim-96] XSim completed. Design snapshot 'testbatch_behav' loaded.
INFO: [USF-XSim-97] XSim simulation ran for 1000ns
launch_simulation: Time (s): cpu = 00:00:07 ; elapsed = 00:00:09 . Memory (MB): peak = 1053.320 ; gain = 0.000
run 150000 ns
Note: $$$$$$$$All tests passed$$$$$$$$
Time: 143840 ns  Iteration: 0  Process: /testbatch/line__57  File: C:/Users/AERO/Desktop/project/RISCV_NYU/RISCV.srcs/sim_1/new/testbatch_rst.vhd
close_sim
INFO: [Simtcl 6-16] Simulation closed
exit
INFO: [Common 17-206] Exiting Vivado at Thu Dec 16 22:52:37 2021...
