#-----------------------------------------------------------
# Vivado v2018.3 (64-bit)
# SW Build 2405991 on Thu Dec  6 23:38:27 MST 2018
# IP Build 2404404 on Fri Dec  7 01:43:56 MST 2018
# Start of session at: Wed Dec  8 13:59:19 2021
# Process ID: 35720
# Current directory: D:/Workfile/Git/RISCV_NYU
# Command line: vivado.exe -gui_launcher_event rodinguilauncherevent39424 D:\Workfile\Git\RISCV_NYU\RISCV.xpr
# Log file: D:/Workfile/Git/RISCV_NYU/vivado.log
# Journal file: D:/Workfile/Git/RISCV_NYU\vivado.jou
#-----------------------------------------------------------
start_gui
open_project D:/Workfile/Git/RISCV_NYU/RISCV.xpr
INFO: [Project 1-313] Project file moved from 'C:/Users/AERO/Desktop/RISCV_NYU' since last save.
Scanning sources...
Finished scanning sources
CRITICAL WARNING: [Board 49-67] The board_part definition was not found for digilentinc.com:basys3:part0:1.1. This can happen sometimes when you use custom board part. You can resolve this issue by setting 'board.repoPaths' parameter, pointing to the location of custom board files. Valid board_part values can be retrieved with the 'get_board_parts' Tcl command.
INFO: [IP_Flow 19-234] Refreshing IP repositories
INFO: [IP_Flow 19-1704] No user IP repositories specified
INFO: [IP_Flow 19-2313] Loaded Vivado IP repository 'D:/Xilinx/Vivado/2018.3/data/ip'.
launch_simulation
INFO: [Vivado 12-5682] Launching behavioral simulation in 'D:/Workfile/Git/RISCV_NYU/RISCV.sim/sim_1/behav/xsim'
INFO: [SIM-utils-51] Simulation object is 'sim_1'
INFO: [SIM-utils-54] Inspecting design source files for 'TOP' in fileset 'sim_1'...
INFO: [USF-XSim-97] Finding global include files...
INFO: [USF-XSim-100] Fetching design files from 'sources_1'...(this may take a while)...
INFO: [USF-XSim-101] Fetching design files from 'sim_1'...
INFO: [USF-XSim-2] XSim::Compile design
INFO: [USF-XSim-61] Executing 'COMPILE and ANALYZE' step in 'D:/Workfile/Git/RISCV_NYU/RISCV.sim/sim_1/behav/xsim'
"xvlog --incr --relax -prj TOP_vlog.prj"
INFO: [VRFC 10-2263] Analyzing Verilog file "D:/Workfile/Git/RISCV_NYU/RISCV.srcs/sources_1/new/InstructionMemory.v" into library xil_defaultlib
INFO: [VRFC 10-311] analyzing module InstructionMemory
INFO: [VRFC 10-2263] Analyzing Verilog file "D:/Workfile/Git/RISCV_NYU/RISCV.srcs/sources_1/new/DataMemory.v" into library xil_defaultlib
INFO: [VRFC 10-311] analyzing module DataMemory
INFO: [VRFC 10-2263] Analyzing Verilog file "D:/Workfile/Git/RISCV_NYU/RISCV.srcs/sim_1/new/IM_testbench.v" into library xil_defaultlib
INFO: [VRFC 10-311] analyzing module IM_testbench
INFO: [VRFC 10-2263] Analyzing Verilog file "D:/Workfile/Git/RISCV_NYU/RISCV.srcs/sim_1/new/DM_testbench.v" into library xil_defaultlib
INFO: [VRFC 10-311] analyzing module DM_testbench
INFO: [VRFC 10-2263] Analyzing Verilog file "D:/Workfile/Git/RISCV_NYU/RISCV.sim/sim_1/behav/xsim/glbl.v" into library xil_defaultlib
INFO: [VRFC 10-311] analyzing module glbl
"xvhdl --incr --relax -prj TOP_vhdl.prj"
INFO: [VRFC 10-163] Analyzing VHDL file "D:/Workfile/Git/RISCV_NYU/RISCV.srcs/sources_1/imports/Desktop/reg.vhd" into library xil_defaultlib
INFO: [VRFC 10-3107] analyzing entity 'reg'
INFO: [VRFC 10-163] Analyzing VHDL file "D:/Workfile/Git/RISCV_NYU/RISCV.srcs/sources_1/imports/Desktop/control_unit.vhd" into library xil_defaultlib
INFO: [VRFC 10-3107] analyzing entity 'Control_Unit'
INFO: [VRFC 10-163] Analyzing VHDL file "D:/Workfile/Git/RISCV_NYU/RISCV.srcs/sources_1/imports/Desktop/pc.vhd" into library xil_defaultlib
INFO: [VRFC 10-3107] analyzing entity 'PC'
INFO: [VRFC 10-163] Analyzing VHDL file "D:/Workfile/Git/RISCV_NYU/RISCV.srcs/sources_1/imports/Desktop/alu.vhd" into library xil_defaultlib
INFO: [VRFC 10-3107] analyzing entity 'alu'
INFO: [VRFC 10-163] Analyzing VHDL file "D:/Workfile/Git/RISCV_NYU/RISCV.srcs/sources_1/new/TOP.vhd" into library xil_defaultlib
INFO: [VRFC 10-3107] analyzing entity 'TOP'
INFO: [USF-XSim-69] 'compile' step finished in '2' seconds
INFO: [USF-XSim-3] XSim::Elaborate design
INFO: [USF-XSim-61] Executing 'ELABORATE' step in 'D:/Workfile/Git/RISCV_NYU/RISCV.sim/sim_1/behav/xsim'
Vivado Simulator 2018.3
Copyright 1986-1999, 2001-2018 Xilinx, Inc. All Rights Reserved.
Running: D:/Xilinx/Vivado/2018.3/bin/unwrapped/win64.o/xelab.exe -wto 2385a856cd5d44a1addce1cd766aee52 --incr --debug typical --relax --mt 2 -L xil_defaultlib -L unisims_ver -L unimacro_ver -L secureip --snapshot TOP_behav xil_defaultlib.TOP xil_defaultlib.glbl -log elaborate.log 
Using 2 slave threads.
Starting static elaboration
Completed static elaboration
Starting simulation data flow analysis
Completed simulation data flow analysis
Time Resolution for simulation is 1ps
Compiling package std.standard
Compiling package std.textio
Compiling package ieee.std_logic_1164
Compiling package ieee.numeric_std
Compiling package ieee.std_logic_arith
Compiling package ieee.std_logic_unsigned
Compiling package vl.vl_types
Compiling module xil_defaultlib.glbl
Compiling architecture ctu of entity xil_defaultlib.Control_Unit [control_unit_default]
Compiling architecture pc_func of entity xil_defaultlib.PC [pc_default]
Compiling architecture behavioral of entity xil_defaultlib.reg [reg_default]
Compiling module xil_defaultlib.InstructionMemory
Compiling architecture behavioral of entity xil_defaultlib.alu [alu_default]
Compiling module xil_defaultlib.DataMemory
Compiling architecture behavioral of entity xil_defaultlib.top
Built simulation snapshot TOP_behav
INFO: [USF-XSim-69] 'elaborate' step finished in '3' seconds
INFO: [USF-XSim-4] XSim::Simulate design
INFO: [USF-XSim-61] Executing 'SIMULATE' step in 'D:/Workfile/Git/RISCV_NYU/RISCV.sim/sim_1/behav/xsim'
INFO: [USF-XSim-98] *** Running xsim
   with args "TOP_behav -key {Behavioral:sim_1:Functional:TOP} -tclbatch {TOP.tcl} -log {simulate.log}"
INFO: [USF-XSim-8] Loading simulator feature
Vivado Simulator 2018.3
Time resolution is 1 ps
source TOP.tcl
# set curr_wave [current_wave_config]
# if { [string length $curr_wave] == 0 } {
#   if { [llength [get_objects]] > 0} {
#     add_wave /
#     set_property needs_save false [current_wave_config]
#   } else {
#      send_msg_id Add_Wave-1 WARNING "No top level signals found. Simulator will start without a wave window. If you want to open a wave window go to 'File->New Waveform Configuration' or type 'create_wave_config' in the TCL console."
#   }
# }
# run 1000ns
INFO: [USF-XSim-96] XSim completed. Design snapshot 'TOP_behav' loaded.
INFO: [USF-XSim-97] XSim simulation ran for 1000ns
launch_simulation: Time (s): cpu = 00:00:06 ; elapsed = 00:00:08 . Memory (MB): peak = 815.000 ; gain = 6.832
restart
INFO: [Simtcl 6-17] Simulation restarted
restart
INFO: [Simtcl 6-17] Simulation restarted
add_force {/TOP/clk} -radix hex {0 0ns} {1 50000ps} -repeat_every 100000ps
run 100 ns
run 100 ns
add_force {/TOP/rst} -radix hex {1 0ns}
run 100 ns
run 100 ns
run 100 ns
run 100 ns
run 100 ns
run 100 ns
run 100 ns
run 100 ns
run 100 ns
run 100 ns
run 100 ns
run 100 ns
run 100 ns
run 100 ns
run 100 ns
run 100 ns
run 100 ns
run 100 ns
run 100 ns
run 100 ns
run 100 ns
run 100 ns
run 100 ns
run 100 ns
run 100 ns
run 100 ns
run 100 ns
run 100 ns
current_wave_config {Untitled 1}
Untitled 1
add_wave {{/TOP/U4}} 
run 100 ns
run 100 ns
run 100 ns
restart
INFO: [Simtcl 6-17] Simulation restarted
add_force {/TOP/clk} -radix hex {0 0ns} {1 50000ps} -repeat_every 100000ps
add_force {/TOP/rst} -radix hex {0 0ns}
run 100 ns
add_force {/TOP/rst} -radix hex {1 0ns}
run 100 ns
run 100 ns
run 100 ns
run 100 ns
run 100 ns
run 100 ns
run 100 ns
run 100 ns
run 100 ns
run 100 ns
run 100 ns
run 100 ns
run 100 ns
run 100 ns
run 100 ns
run 100 ns
run 100 ns
run 100 ns
run 100 ns
run 100 ns
run 100 ns
run 100 ns
run 100 ns
run 100 ns
run 100 ns
run 100 ns
run 100 ns
run 100 ns
run 100 ns
run 100 ns
run 100 ns
run 100 ns
run 100 ns
run 100 ns
run 100 ns
run 100 ns
run 100 ns
run 100 ns
run 100 ns
run 100 ns
run 100 ns
run 100 ns
run 100 ns
run 100 ns
run 100 ns
run 100 ns
run 100 ns
run 100 ns
run 100 ns
run 100 ns
run 100 ns
run 100 ns
run 100 ns
close_sim
INFO: [Simtcl 6-16] Simulation closed
launch_simulation
INFO: [Vivado 12-5682] Launching behavioral simulation in 'D:/Workfile/Git/RISCV_NYU/RISCV.sim/sim_1/behav/xsim'
INFO: [SIM-utils-51] Simulation object is 'sim_1'
INFO: [SIM-utils-54] Inspecting design source files for 'TOP' in fileset 'sim_1'...
INFO: [USF-XSim-97] Finding global include files...
INFO: [USF-XSim-100] Fetching design files from 'sources_1'...(this may take a while)...
INFO: [USF-XSim-101] Fetching design files from 'sim_1'...
INFO: [USF-XSim-2] XSim::Compile design
INFO: [USF-XSim-61] Executing 'COMPILE and ANALYZE' step in 'D:/Workfile/Git/RISCV_NYU/RISCV.sim/sim_1/behav/xsim'
"xvlog --incr --relax -prj TOP_vlog.prj"
"xvhdl --incr --relax -prj TOP_vhdl.prj"
INFO: [VRFC 10-163] Analyzing VHDL file "D:/Workfile/Git/RISCV_NYU/RISCV.srcs/sources_1/imports/Desktop/alu.vhd" into library xil_defaultlib
INFO: [VRFC 10-3107] analyzing entity 'alu'
INFO: [USF-XSim-69] 'compile' step finished in '2' seconds
INFO: [USF-XSim-3] XSim::Elaborate design
INFO: [USF-XSim-61] Executing 'ELABORATE' step in 'D:/Workfile/Git/RISCV_NYU/RISCV.sim/sim_1/behav/xsim'
Vivado Simulator 2018.3
Copyright 1986-1999, 2001-2018 Xilinx, Inc. All Rights Reserved.
Running: D:/Xilinx/Vivado/2018.3/bin/unwrapped/win64.o/xelab.exe -wto 2385a856cd5d44a1addce1cd766aee52 --incr --debug typical --relax --mt 2 -L xil_defaultlib -L unisims_ver -L unimacro_ver -L secureip --snapshot TOP_behav xil_defaultlib.TOP xil_defaultlib.glbl -log elaborate.log 
Using 2 slave threads.
Starting static elaboration
Completed static elaboration
Starting simulation data flow analysis
Completed simulation data flow analysis
Time Resolution for simulation is 1ps
Compiling package std.standard
Compiling package std.textio
Compiling package ieee.std_logic_1164
Compiling package ieee.numeric_std
Compiling package ieee.std_logic_arith
Compiling package ieee.std_logic_unsigned
Compiling package vl.vl_types
Compiling module xil_defaultlib.glbl
Compiling architecture ctu of entity xil_defaultlib.Control_Unit [control_unit_default]
Compiling architecture pc_func of entity xil_defaultlib.PC [pc_default]
Compiling architecture behavioral of entity xil_defaultlib.reg [reg_default]
Compiling module xil_defaultlib.InstructionMemory
Compiling architecture behavioral of entity xil_defaultlib.alu [alu_default]
Compiling module xil_defaultlib.DataMemory
Compiling architecture behavioral of entity xil_defaultlib.top
Built simulation snapshot TOP_behav
INFO: [USF-XSim-69] 'elaborate' step finished in '1' seconds
INFO: [USF-XSim-4] XSim::Simulate design
INFO: [USF-XSim-61] Executing 'SIMULATE' step in 'D:/Workfile/Git/RISCV_NYU/RISCV.sim/sim_1/behav/xsim'
INFO: [USF-XSim-98] *** Running xsim
   with args "TOP_behav -key {Behavioral:sim_1:Functional:TOP} -tclbatch {TOP.tcl} -log {simulate.log}"
INFO: [USF-XSim-8] Loading simulator feature
Vivado Simulator 2018.3
Time resolution is 1 ps
source TOP.tcl
# set curr_wave [current_wave_config]
# if { [string length $curr_wave] == 0 } {
#   if { [llength [get_objects]] > 0} {
#     add_wave /
#     set_property needs_save false [current_wave_config]
#   } else {
#      send_msg_id Add_Wave-1 WARNING "No top level signals found. Simulator will start without a wave window. If you want to open a wave window go to 'File->New Waveform Configuration' or type 'create_wave_config' in the TCL console."
#   }
# }
# run 1000ns
INFO: [USF-XSim-96] XSim completed. Design snapshot 'TOP_behav' loaded.
INFO: [USF-XSim-97] XSim simulation ran for 1000ns
launch_simulation: Time (s): cpu = 00:00:03 ; elapsed = 00:00:05 . Memory (MB): peak = 845.246 ; gain = 0.000
restart
INFO: [Simtcl 6-17] Simulation restarted
current_wave_config {Untitled 2}
Untitled 2
add_wave {{/TOP/U4}} 
add_force {/TOP/clk} -radix hex {0 0ns} {1 50000ps} -repeat_every 100000ps
run 100 ns
add_force {/TOP/rst} -radix hex {1 0ns}
run 100 ns
run 100 ns
run 100 ns
run 100 ns
run 100 ns
run 100 ns
run 100 ns
run 100 ns
run 100 ns
run 100 ns
run 100 ns
run 100 ns
run 100 ns
run 100 ns
run 100 ns
run 100 ns
run 100 ns
run 100 ns
run 100 ns
run 100 ns
run 100 ns
run 100 ns
run 100 ns
run 100 ns
run 100 ns
run 100 ns
run 100 ns
run 100 ns
run 100 ns
run 100 ns
run 100 ns
run 100 ns
run 100 ns
run 100 ns
run 100 ns
run 100 ns
run 100 ns
run 100 ns
run 100 ns
run 100 ns
run 100 ns
run 100 ns
run 100 ns
run 100 ns
run 100 ns
run 100 ns
run 100 ns
run 100 ns
run 100 ns
close_sim
INFO: [Simtcl 6-16] Simulation closed
launch_simulation
INFO: [Vivado 12-5682] Launching behavioral simulation in 'D:/Workfile/Git/RISCV_NYU/RISCV.sim/sim_1/behav/xsim'
INFO: [SIM-utils-51] Simulation object is 'sim_1'
INFO: [SIM-utils-54] Inspecting design source files for 'TOP' in fileset 'sim_1'...
INFO: [USF-XSim-97] Finding global include files...
INFO: [USF-XSim-100] Fetching design files from 'sources_1'...(this may take a while)...
INFO: [USF-XSim-101] Fetching design files from 'sim_1'...
INFO: [USF-XSim-2] XSim::Compile design
INFO: [USF-XSim-61] Executing 'COMPILE and ANALYZE' step in 'D:/Workfile/Git/RISCV_NYU/RISCV.sim/sim_1/behav/xsim'
"xvlog --incr --relax -prj TOP_vlog.prj"
INFO: [VRFC 10-2263] Analyzing Verilog file "D:/Workfile/Git/RISCV_NYU/RISCV.srcs/sources_1/new/InstructionMemory.v" into library xil_defaultlib
INFO: [VRFC 10-311] analyzing module InstructionMemory
INFO: [VRFC 10-2263] Analyzing Verilog file "D:/Workfile/Git/RISCV_NYU/RISCV.srcs/sources_1/new/DataMemory.v" into library xil_defaultlib
INFO: [VRFC 10-311] analyzing module DataMemory
INFO: [VRFC 10-2263] Analyzing Verilog file "D:/Workfile/Git/RISCV_NYU/RISCV.srcs/sim_1/new/IM_testbench.v" into library xil_defaultlib
INFO: [VRFC 10-311] analyzing module IM_testbench
INFO: [VRFC 10-2263] Analyzing Verilog file "D:/Workfile/Git/RISCV_NYU/RISCV.srcs/sim_1/new/DM_testbench.v" into library xil_defaultlib
INFO: [VRFC 10-311] analyzing module DM_testbench
"xvhdl --incr --relax -prj TOP_vhdl.prj"
INFO: [USF-XSim-69] 'compile' step finished in '1' seconds
INFO: [USF-XSim-3] XSim::Elaborate design
INFO: [USF-XSim-61] Executing 'ELABORATE' step in 'D:/Workfile/Git/RISCV_NYU/RISCV.sim/sim_1/behav/xsim'
Vivado Simulator 2018.3
Copyright 1986-1999, 2001-2018 Xilinx, Inc. All Rights Reserved.
Running: D:/Xilinx/Vivado/2018.3/bin/unwrapped/win64.o/xelab.exe -wto 2385a856cd5d44a1addce1cd766aee52 --incr --debug typical --relax --mt 2 -L xil_defaultlib -L unisims_ver -L unimacro_ver -L secureip --snapshot TOP_behav xil_defaultlib.TOP xil_defaultlib.glbl -log elaborate.log 
Using 2 slave threads.
Starting static elaboration
Completed static elaboration
Starting simulation data flow analysis
Completed simulation data flow analysis
Time Resolution for simulation is 1ps
Compiling package std.standard
Compiling package std.textio
Compiling package ieee.std_logic_1164
Compiling package ieee.numeric_std
Compiling package ieee.std_logic_arith
Compiling package ieee.std_logic_unsigned
Compiling package vl.vl_types
Compiling module xil_defaultlib.glbl
Compiling architecture ctu of entity xil_defaultlib.Control_Unit [control_unit_default]
Compiling architecture pc_func of entity xil_defaultlib.PC [pc_default]
Compiling architecture behavioral of entity xil_defaultlib.reg [reg_default]
Compiling module xil_defaultlib.InstructionMemory
Compiling architecture behavioral of entity xil_defaultlib.alu [alu_default]
Compiling module xil_defaultlib.DataMemory
Compiling architecture behavioral of entity xil_defaultlib.top
Built simulation snapshot TOP_behav
INFO: [USF-XSim-69] 'elaborate' step finished in '2' seconds
INFO: [USF-XSim-4] XSim::Simulate design
INFO: [USF-XSim-61] Executing 'SIMULATE' step in 'D:/Workfile/Git/RISCV_NYU/RISCV.sim/sim_1/behav/xsim'
INFO: [USF-XSim-98] *** Running xsim
   with args "TOP_behav -key {Behavioral:sim_1:Functional:TOP} -tclbatch {TOP.tcl} -log {simulate.log}"
INFO: [USF-XSim-8] Loading simulator feature
Vivado Simulator 2018.3
Time resolution is 1 ps
source TOP.tcl
# set curr_wave [current_wave_config]
# if { [string length $curr_wave] == 0 } {
#   if { [llength [get_objects]] > 0} {
#     add_wave /
#     set_property needs_save false [current_wave_config]
#   } else {
#      send_msg_id Add_Wave-1 WARNING "No top level signals found. Simulator will start without a wave window. If you want to open a wave window go to 'File->New Waveform Configuration' or type 'create_wave_config' in the TCL console."
#   }
# }
# run 1000ns
INFO: [USF-XSim-96] XSim completed. Design snapshot 'TOP_behav' loaded.
INFO: [USF-XSim-97] XSim simulation ran for 1000ns
launch_simulation: Time (s): cpu = 00:00:02 ; elapsed = 00:00:06 . Memory (MB): peak = 926.078 ; gain = 0.000
restart
INFO: [Simtcl 6-17] Simulation restarted
add_force {/TOP/clk} -radix hex {0 0ns} {1 5000ps} -repeat_every 10000ps
run 10 ns
add_force {/TOP/rst} -radix hex {1 0ns}
run 2880 ns
close_sim
INFO: [Simtcl 6-16] Simulation closed
launch_simulation
INFO: [Vivado 12-5682] Launching behavioral simulation in 'D:/Workfile/Git/RISCV_NYU/RISCV.sim/sim_1/behav/xsim'
INFO: [SIM-utils-51] Simulation object is 'sim_1'
INFO: [SIM-utils-54] Inspecting design source files for 'TOP' in fileset 'sim_1'...
INFO: [USF-XSim-97] Finding global include files...
INFO: [USF-XSim-100] Fetching design files from 'sources_1'...(this may take a while)...
INFO: [USF-XSim-101] Fetching design files from 'sim_1'...
INFO: [USF-XSim-2] XSim::Compile design
INFO: [USF-XSim-61] Executing 'COMPILE and ANALYZE' step in 'D:/Workfile/Git/RISCV_NYU/RISCV.sim/sim_1/behav/xsim'
"xvlog --incr --relax -prj TOP_vlog.prj"
"xvhdl --incr --relax -prj TOP_vhdl.prj"
INFO: [VRFC 10-163] Analyzing VHDL file "D:/Workfile/Git/RISCV_NYU/RISCV.srcs/sources_1/new/TOP.vhd" into library xil_defaultlib
INFO: [VRFC 10-3107] analyzing entity 'TOP'
ERROR: [VRFC 10-2989] 'dm_out' is not declared [D:/Workfile/Git/RISCV_NYU/RISCV.srcs/sources_1/new/TOP.vhd:339]
ERROR: [VRFC 10-3782] unit 'behavioral' ignored due to previous errors [D:/Workfile/Git/RISCV_NYU/RISCV.srcs/sources_1/new/TOP.vhd:13]
INFO: [VRFC 10-3070] VHDL file 'D:/Workfile/Git/RISCV_NYU/RISCV.srcs/sources_1/new/TOP.vhd' ignored due to errors
INFO: [USF-XSim-69] 'compile' step finished in '2' seconds
INFO: [USF-XSim-99] Step results log file:'D:/Workfile/Git/RISCV_NYU/RISCV.sim/sim_1/behav/xsim/xvhdl.log'
ERROR: [USF-XSim-62] 'compile' step failed with error(s). Please check the Tcl console output or 'D:/Workfile/Git/RISCV_NYU/RISCV.sim/sim_1/behav/xsim/xvhdl.log' file for more information.
ERROR: [Vivado 12-4473] Detected error while running simulation. Please correct the issue and retry this operation.
ERROR: [Common 17-39] 'launch_simulation' failed due to earlier errors.
launch_simulation
INFO: [Vivado 12-5682] Launching behavioral simulation in 'D:/Workfile/Git/RISCV_NYU/RISCV.sim/sim_1/behav/xsim'
INFO: [SIM-utils-51] Simulation object is 'sim_1'
INFO: [SIM-utils-54] Inspecting design source files for 'TOP' in fileset 'sim_1'...
INFO: [USF-XSim-97] Finding global include files...
INFO: [USF-XSim-100] Fetching design files from 'sources_1'...(this may take a while)...
INFO: [USF-XSim-101] Fetching design files from 'sim_1'...
INFO: [USF-XSim-2] XSim::Compile design
INFO: [USF-XSim-61] Executing 'COMPILE and ANALYZE' step in 'D:/Workfile/Git/RISCV_NYU/RISCV.sim/sim_1/behav/xsim'
"xvlog --incr --relax -prj TOP_vlog.prj"
"xvhdl --incr --relax -prj TOP_vhdl.prj"
INFO: [VRFC 10-163] Analyzing VHDL file "D:/Workfile/Git/RISCV_NYU/RISCV.srcs/sources_1/new/TOP.vhd" into library xil_defaultlib
INFO: [VRFC 10-3107] analyzing entity 'TOP'
ERROR: [VRFC 10-2989] 'dm_out' is not declared [D:/Workfile/Git/RISCV_NYU/RISCV.srcs/sources_1/new/TOP.vhd:339]
ERROR: [VRFC 10-3782] unit 'behavioral' ignored due to previous errors [D:/Workfile/Git/RISCV_NYU/RISCV.srcs/sources_1/new/TOP.vhd:13]
INFO: [VRFC 10-3070] VHDL file 'D:/Workfile/Git/RISCV_NYU/RISCV.srcs/sources_1/new/TOP.vhd' ignored due to errors
INFO: [USF-XSim-69] 'compile' step finished in '2' seconds
INFO: [USF-XSim-99] Step results log file:'D:/Workfile/Git/RISCV_NYU/RISCV.sim/sim_1/behav/xsim/xvhdl.log'
ERROR: [USF-XSim-62] 'compile' step failed with error(s). Please check the Tcl console output or 'D:/Workfile/Git/RISCV_NYU/RISCV.sim/sim_1/behav/xsim/xvhdl.log' file for more information.
ERROR: [Vivado 12-4473] Detected error while running simulation. Please correct the issue and retry this operation.
ERROR: [Common 17-39] 'launch_simulation' failed due to earlier errors.
launch_simulation
INFO: [Vivado 12-5682] Launching behavioral simulation in 'D:/Workfile/Git/RISCV_NYU/RISCV.sim/sim_1/behav/xsim'
INFO: [SIM-utils-51] Simulation object is 'sim_1'
INFO: [SIM-utils-54] Inspecting design source files for 'TOP' in fileset 'sim_1'...
INFO: [USF-XSim-97] Finding global include files...
INFO: [USF-XSim-100] Fetching design files from 'sources_1'...(this may take a while)...
INFO: [USF-XSim-101] Fetching design files from 'sim_1'...
INFO: [USF-XSim-2] XSim::Compile design
INFO: [USF-XSim-61] Executing 'COMPILE and ANALYZE' step in 'D:/Workfile/Git/RISCV_NYU/RISCV.sim/sim_1/behav/xsim'
"xvlog --incr --relax -prj TOP_vlog.prj"
"xvhdl --incr --relax -prj TOP_vhdl.prj"
INFO: [VRFC 10-163] Analyzing VHDL file "D:/Workfile/Git/RISCV_NYU/RISCV.srcs/sources_1/new/TOP.vhd" into library xil_defaultlib
INFO: [VRFC 10-3107] analyzing entity 'TOP'
INFO: [USF-XSim-69] 'compile' step finished in '1' seconds
INFO: [USF-XSim-3] XSim::Elaborate design
INFO: [USF-XSim-61] Executing 'ELABORATE' step in 'D:/Workfile/Git/RISCV_NYU/RISCV.sim/sim_1/behav/xsim'
Vivado Simulator 2018.3
Copyright 1986-1999, 2001-2018 Xilinx, Inc. All Rights Reserved.
Running: D:/Xilinx/Vivado/2018.3/bin/unwrapped/win64.o/xelab.exe -wto 2385a856cd5d44a1addce1cd766aee52 --incr --debug typical --relax --mt 2 -L xil_defaultlib -L unisims_ver -L unimacro_ver -L secureip --snapshot TOP_behav xil_defaultlib.TOP xil_defaultlib.glbl -log elaborate.log 
Using 2 slave threads.
Starting static elaboration
Completed static elaboration
Starting simulation data flow analysis
Completed simulation data flow analysis
Time Resolution for simulation is 1ps
Compiling package std.standard
Compiling package std.textio
Compiling package ieee.std_logic_1164
Compiling package ieee.numeric_std
Compiling package ieee.std_logic_arith
Compiling package ieee.std_logic_unsigned
Compiling package vl.vl_types
Compiling module xil_defaultlib.glbl
Compiling architecture ctu of entity xil_defaultlib.Control_Unit [control_unit_default]
Compiling architecture pc_func of entity xil_defaultlib.PC [pc_default]
Compiling architecture behavioral of entity xil_defaultlib.reg [reg_default]
Compiling module xil_defaultlib.InstructionMemory
Compiling architecture behavioral of entity xil_defaultlib.alu [alu_default]
Compiling module xil_defaultlib.DataMemory
Compiling architecture behavioral of entity xil_defaultlib.top
Built simulation snapshot TOP_behav
INFO: [USF-XSim-69] 'elaborate' step finished in '2' seconds
INFO: [USF-XSim-4] XSim::Simulate design
INFO: [USF-XSim-61] Executing 'SIMULATE' step in 'D:/Workfile/Git/RISCV_NYU/RISCV.sim/sim_1/behav/xsim'
INFO: [USF-XSim-98] *** Running xsim
   with args "TOP_behav -key {Behavioral:sim_1:Functional:TOP} -tclbatch {TOP.tcl} -log {simulate.log}"
INFO: [USF-XSim-8] Loading simulator feature
Vivado Simulator 2018.3
Time resolution is 1 ps
source TOP.tcl
# set curr_wave [current_wave_config]
# if { [string length $curr_wave] == 0 } {
#   if { [llength [get_objects]] > 0} {
#     add_wave /
#     set_property needs_save false [current_wave_config]
#   } else {
#      send_msg_id Add_Wave-1 WARNING "No top level signals found. Simulator will start without a wave window. If you want to open a wave window go to 'File->New Waveform Configuration' or type 'create_wave_config' in the TCL console."
#   }
# }
# run 1000ns
INFO: [USF-XSim-96] XSim completed. Design snapshot 'TOP_behav' loaded.
INFO: [USF-XSim-97] XSim simulation ran for 1000ns
launch_simulation: Time (s): cpu = 00:00:01 ; elapsed = 00:00:05 . Memory (MB): peak = 929.551 ; gain = 3.391
close_sim
INFO: [Simtcl 6-16] Simulation closed
launch_simulation
INFO: [Vivado 12-5682] Launching behavioral simulation in 'D:/Workfile/Git/RISCV_NYU/RISCV.sim/sim_1/behav/xsim'
INFO: [SIM-utils-51] Simulation object is 'sim_1'
INFO: [SIM-utils-54] Inspecting design source files for 'TOP' in fileset 'sim_1'...
INFO: [USF-XSim-97] Finding global include files...
INFO: [USF-XSim-100] Fetching design files from 'sources_1'...(this may take a while)...
INFO: [USF-XSim-101] Fetching design files from 'sim_1'...
INFO: [USF-XSim-2] XSim::Compile design
INFO: [USF-XSim-61] Executing 'COMPILE and ANALYZE' step in 'D:/Workfile/Git/RISCV_NYU/RISCV.sim/sim_1/behav/xsim'
"xvlog --incr --relax -prj TOP_vlog.prj"
"xvhdl --incr --relax -prj TOP_vhdl.prj"
INFO: [USF-XSim-69] 'compile' step finished in '2' seconds
INFO: [USF-XSim-3] XSim::Elaborate design
INFO: [USF-XSim-61] Executing 'ELABORATE' step in 'D:/Workfile/Git/RISCV_NYU/RISCV.sim/sim_1/behav/xsim'
Vivado Simulator 2018.3
Copyright 1986-1999, 2001-2018 Xilinx, Inc. All Rights Reserved.
Running: D:/Xilinx/Vivado/2018.3/bin/unwrapped/win64.o/xelab.exe -wto 2385a856cd5d44a1addce1cd766aee52 --incr --debug typical --relax --mt 2 -L xil_defaultlib -L unisims_ver -L unimacro_ver -L secureip --snapshot TOP_behav xil_defaultlib.TOP xil_defaultlib.glbl -log elaborate.log 
Using 2 slave threads.
Starting static elaboration
Completed static elaboration
INFO: [XSIM 43-4323] No Change in HDL. Linking previously generated obj files to create kernel
INFO: [USF-XSim-69] 'elaborate' step finished in '1' seconds
INFO: [USF-XSim-4] XSim::Simulate design
INFO: [USF-XSim-61] Executing 'SIMULATE' step in 'D:/Workfile/Git/RISCV_NYU/RISCV.sim/sim_1/behav/xsim'
INFO: [USF-XSim-98] *** Running xsim
   with args "TOP_behav -key {Behavioral:sim_1:Functional:TOP} -tclbatch {TOP.tcl} -log {simulate.log}"
INFO: [USF-XSim-8] Loading simulator feature
Vivado Simulator 2018.3
Time resolution is 1 ps
source TOP.tcl
# set curr_wave [current_wave_config]
# if { [string length $curr_wave] == 0 } {
#   if { [llength [get_objects]] > 0} {
#     add_wave /
#     set_property needs_save false [current_wave_config]
#   } else {
#      send_msg_id Add_Wave-1 WARNING "No top level signals found. Simulator will start without a wave window. If you want to open a wave window go to 'File->New Waveform Configuration' or type 'create_wave_config' in the TCL console."
#   }
# }
# run 1000ns
INFO: [USF-XSim-96] XSim completed. Design snapshot 'TOP_behav' loaded.
INFO: [USF-XSim-97] XSim simulation ran for 1000ns
restart
INFO: [Simtcl 6-17] Simulation restarted
add_force {/TOP/clk} -radix hex {0 0ns} {1 5000ps} -repeat_every 10000ps
run 10 ns
add_force {/TOP/rst} -radix hex {1 0ns}
run 2880 ns
run 2880 ns
run 2880 ns
run 2880 ns
run 2880 ns
run 2880 ns
run 2880 ns
run 2880 ns
run 2880 ns
run 2880 ns
run 2880 ns
run 2880 ns
run 2880 ns
run 2880 ns
run 2880 ns
run 2880 ns
run 2880 ns
run 2880 ns
run 2880 ns
run 2880 ns
run 2880 ns
run 2880 ns
run 2880 ns
run 2880 ns
close_sim
INFO: [Simtcl 6-16] Simulation closed
launch_simulation
INFO: [Vivado 12-5682] Launching behavioral simulation in 'D:/Workfile/Git/RISCV_NYU/RISCV.sim/sim_1/behav/xsim'
INFO: [SIM-utils-51] Simulation object is 'sim_1'
INFO: [SIM-utils-54] Inspecting design source files for 'TOP' in fileset 'sim_1'...
INFO: [USF-XSim-97] Finding global include files...
INFO: [USF-XSim-100] Fetching design files from 'sources_1'...(this may take a while)...
INFO: [USF-XSim-101] Fetching design files from 'sim_1'...
INFO: [USF-XSim-2] XSim::Compile design
INFO: [USF-XSim-61] Executing 'COMPILE and ANALYZE' step in 'D:/Workfile/Git/RISCV_NYU/RISCV.sim/sim_1/behav/xsim'
"xvlog --incr --relax -prj TOP_vlog.prj"
INFO: [VRFC 10-2263] Analyzing Verilog file "D:/Workfile/Git/RISCV_NYU/RISCV.srcs/sources_1/new/InstructionMemory.v" into library xil_defaultlib
INFO: [VRFC 10-311] analyzing module InstructionMemory
INFO: [VRFC 10-2263] Analyzing Verilog file "D:/Workfile/Git/RISCV_NYU/RISCV.srcs/sources_1/new/DataMemory.v" into library xil_defaultlib
INFO: [VRFC 10-311] analyzing module DataMemory
INFO: [VRFC 10-2263] Analyzing Verilog file "D:/Workfile/Git/RISCV_NYU/RISCV.srcs/sim_1/new/IM_testbench.v" into library xil_defaultlib
INFO: [VRFC 10-311] analyzing module IM_testbench
INFO: [VRFC 10-2263] Analyzing Verilog file "D:/Workfile/Git/RISCV_NYU/RISCV.srcs/sim_1/new/DM_testbench.v" into library xil_defaultlib
INFO: [VRFC 10-311] analyzing module DM_testbench
"xvhdl --incr --relax -prj TOP_vhdl.prj"
INFO: [USF-XSim-69] 'compile' step finished in '2' seconds
INFO: [USF-XSim-3] XSim::Elaborate design
INFO: [USF-XSim-61] Executing 'ELABORATE' step in 'D:/Workfile/Git/RISCV_NYU/RISCV.sim/sim_1/behav/xsim'
Vivado Simulator 2018.3
Copyright 1986-1999, 2001-2018 Xilinx, Inc. All Rights Reserved.
Running: D:/Xilinx/Vivado/2018.3/bin/unwrapped/win64.o/xelab.exe -wto 2385a856cd5d44a1addce1cd766aee52 --incr --debug typical --relax --mt 2 -L xil_defaultlib -L unisims_ver -L unimacro_ver -L secureip --snapshot TOP_behav xil_defaultlib.TOP xil_defaultlib.glbl -log elaborate.log 
Using 2 slave threads.
Starting static elaboration
Completed static elaboration
Starting simulation data flow analysis
Completed simulation data flow analysis
Time Resolution for simulation is 1ps
Compiling package std.standard
Compiling package std.textio
Compiling package ieee.std_logic_1164
Compiling package ieee.numeric_std
Compiling package ieee.std_logic_arith
Compiling package ieee.std_logic_unsigned
Compiling package vl.vl_types
Compiling module xil_defaultlib.glbl
Compiling architecture ctu of entity xil_defaultlib.Control_Unit [control_unit_default]
Compiling architecture pc_func of entity xil_defaultlib.PC [pc_default]
Compiling architecture behavioral of entity xil_defaultlib.reg [reg_default]
Compiling module xil_defaultlib.InstructionMemory
Compiling architecture behavioral of entity xil_defaultlib.alu [alu_default]
Compiling module xil_defaultlib.DataMemory
Compiling architecture behavioral of entity xil_defaultlib.top
Built simulation snapshot TOP_behav
INFO: [USF-XSim-69] 'elaborate' step finished in '2' seconds
INFO: [USF-XSim-4] XSim::Simulate design
INFO: [USF-XSim-61] Executing 'SIMULATE' step in 'D:/Workfile/Git/RISCV_NYU/RISCV.sim/sim_1/behav/xsim'
INFO: [USF-XSim-98] *** Running xsim
   with args "TOP_behav -key {Behavioral:sim_1:Functional:TOP} -tclbatch {TOP.tcl} -log {simulate.log}"
INFO: [USF-XSim-8] Loading simulator feature
Vivado Simulator 2018.3
Time resolution is 1 ps
source TOP.tcl
# set curr_wave [current_wave_config]
# if { [string length $curr_wave] == 0 } {
#   if { [llength [get_objects]] > 0} {
#     add_wave /
#     set_property needs_save false [current_wave_config]
#   } else {
#      send_msg_id Add_Wave-1 WARNING "No top level signals found. Simulator will start without a wave window. If you want to open a wave window go to 'File->New Waveform Configuration' or type 'create_wave_config' in the TCL console."
#   }
# }
# run 1000ns
INFO: [USF-XSim-96] XSim completed. Design snapshot 'TOP_behav' loaded.
INFO: [USF-XSim-97] XSim simulation ran for 1000ns
launch_simulation: Time (s): cpu = 00:00:02 ; elapsed = 00:00:06 . Memory (MB): peak = 953.711 ; gain = 0.000
restart
INFO: [Simtcl 6-17] Simulation restarted
add_force {/TOP/clk} -radix hex {0 0ns} {1 50000ps} -repeat_every 100000ps
run 10 ns
add_force {/TOP/rst} -radix hex {1 0ns}
run 2880 ns
restart
INFO: [Simtcl 6-17] Simulation restarted
add_force {/TOP/clk} -radix hex {0 0ns} {1 5000ps} -repeat_every 10000ps
run 10 ns
add_force {/TOP/rst} -radix hex {1 0ns}
run 2880 ns
restart
INFO: [Simtcl 6-17] Simulation restarted
add_force {/TOP/clk} -radix hex {0 0ns} {1 5000ps} -repeat_every 10000ps
run 10 ns
add_force {/TOP/rst} -radix hex {1 0ns}
run 480 ns
current_wave_config {Untitled 6}
Untitled 6
add_wave {{/TOP/U5}} 
restart
INFO: [Simtcl 6-17] Simulation restarted
add_force {/TOP/clk} -radix hex {0 0ns} {1 5000ps} -repeat_every 10000ps
run 10 ns
add_force {/TOP/rst} -radix hex {1 0ns}
run 1000 ns
restart
INFO: [Simtcl 6-17] Simulation restarted
add_force {/TOP/clk} -radix hex {0 0ns} {1 5000ps} -repeat_every 10000ps
add_force {/TOP/rst} -radix hex {0 0ns}
run 10 ns
add_force {/TOP/rst} -radix hex {1 0ns}
run 490 ns
close_sim
INFO: [Simtcl 6-16] Simulation closed
launch_simulation
INFO: [Vivado 12-5682] Launching behavioral simulation in 'D:/Workfile/Git/RISCV_NYU/RISCV.sim/sim_1/behav/xsim'
INFO: [SIM-utils-51] Simulation object is 'sim_1'
INFO: [SIM-utils-54] Inspecting design source files for 'TOP' in fileset 'sim_1'...
INFO: [USF-XSim-97] Finding global include files...
INFO: [USF-XSim-100] Fetching design files from 'sources_1'...(this may take a while)...
INFO: [USF-XSim-101] Fetching design files from 'sim_1'...
INFO: [USF-XSim-2] XSim::Compile design
INFO: [USF-XSim-61] Executing 'COMPILE and ANALYZE' step in 'D:/Workfile/Git/RISCV_NYU/RISCV.sim/sim_1/behav/xsim'
"xvlog --incr --relax -prj TOP_vlog.prj"
"xvhdl --incr --relax -prj TOP_vhdl.prj"
INFO: [VRFC 10-163] Analyzing VHDL file "D:/Workfile/Git/RISCV_NYU/RISCV.srcs/sources_1/new/TOP.vhd" into library xil_defaultlib
INFO: [VRFC 10-3107] analyzing entity 'TOP'
INFO: [USF-XSim-69] 'compile' step finished in '1' seconds
INFO: [USF-XSim-3] XSim::Elaborate design
INFO: [USF-XSim-61] Executing 'ELABORATE' step in 'D:/Workfile/Git/RISCV_NYU/RISCV.sim/sim_1/behav/xsim'
Vivado Simulator 2018.3
Copyright 1986-1999, 2001-2018 Xilinx, Inc. All Rights Reserved.
Running: D:/Xilinx/Vivado/2018.3/bin/unwrapped/win64.o/xelab.exe -wto 2385a856cd5d44a1addce1cd766aee52 --incr --debug typical --relax --mt 2 -L xil_defaultlib -L unisims_ver -L unimacro_ver -L secureip --snapshot TOP_behav xil_defaultlib.TOP xil_defaultlib.glbl -log elaborate.log 
Using 2 slave threads.
Starting static elaboration
Completed static elaboration
Starting simulation data flow analysis
Completed simulation data flow analysis
Time Resolution for simulation is 1ps
Compiling package std.standard
Compiling package std.textio
Compiling package ieee.std_logic_1164
Compiling package ieee.numeric_std
Compiling package ieee.std_logic_arith
Compiling package ieee.std_logic_unsigned
Compiling package vl.vl_types
Compiling module xil_defaultlib.glbl
Compiling architecture ctu of entity xil_defaultlib.Control_Unit [control_unit_default]
Compiling architecture pc_func of entity xil_defaultlib.PC [pc_default]
Compiling architecture behavioral of entity xil_defaultlib.reg [reg_default]
Compiling module xil_defaultlib.InstructionMemory
Compiling architecture behavioral of entity xil_defaultlib.alu [alu_default]
Compiling module xil_defaultlib.DataMemory
Compiling architecture behavioral of entity xil_defaultlib.top
Built simulation snapshot TOP_behav
INFO: [USF-XSim-69] 'elaborate' step finished in '1' seconds
INFO: [USF-XSim-4] XSim::Simulate design
INFO: [USF-XSim-61] Executing 'SIMULATE' step in 'D:/Workfile/Git/RISCV_NYU/RISCV.sim/sim_1/behav/xsim'
INFO: [USF-XSim-98] *** Running xsim
   with args "TOP_behav -key {Behavioral:sim_1:Functional:TOP} -tclbatch {TOP.tcl} -log {simulate.log}"
INFO: [USF-XSim-8] Loading simulator feature
Vivado Simulator 2018.3
Time resolution is 1 ps
source TOP.tcl
# set curr_wave [current_wave_config]
# if { [string length $curr_wave] == 0 } {
#   if { [llength [get_objects]] > 0} {
#     add_wave /
#     set_property needs_save false [current_wave_config]
#   } else {
#      send_msg_id Add_Wave-1 WARNING "No top level signals found. Simulator will start without a wave window. If you want to open a wave window go to 'File->New Waveform Configuration' or type 'create_wave_config' in the TCL console."
#   }
# }
# run 1000ns
INFO: [USF-XSim-96] XSim completed. Design snapshot 'TOP_behav' loaded.
INFO: [USF-XSim-97] XSim simulation ran for 1000ns
launch_simulation: Time (s): cpu = 00:00:02 ; elapsed = 00:00:06 . Memory (MB): peak = 971.520 ; gain = 0.000
restart
INFO: [Simtcl 6-17] Simulation restarted
current_wave_config {Untitled 7}
Untitled 7
add_wave {{/TOP/U5}} 
add_force {/TOP/clk} -radix hex {0 0ns} {1 5000ps} -repeat_every 10000ps
run 10 ns
add_force {/TOP/rst} -radix hex {1 0ns}
run 490 ns
close_sim
INFO: [Simtcl 6-16] Simulation closed
launch_simulation
INFO: [Vivado 12-5682] Launching behavioral simulation in 'D:/Workfile/Git/RISCV_NYU/RISCV.sim/sim_1/behav/xsim'
INFO: [SIM-utils-51] Simulation object is 'sim_1'
INFO: [SIM-utils-54] Inspecting design source files for 'TOP' in fileset 'sim_1'...
INFO: [USF-XSim-97] Finding global include files...
INFO: [USF-XSim-100] Fetching design files from 'sources_1'...(this may take a while)...
INFO: [USF-XSim-101] Fetching design files from 'sim_1'...
INFO: [USF-XSim-2] XSim::Compile design
INFO: [USF-XSim-61] Executing 'COMPILE and ANALYZE' step in 'D:/Workfile/Git/RISCV_NYU/RISCV.sim/sim_1/behav/xsim'
"xvlog --incr --relax -prj TOP_vlog.prj"
INFO: [VRFC 10-2263] Analyzing Verilog file "D:/Workfile/Git/RISCV_NYU/RISCV.srcs/sources_1/new/InstructionMemory.v" into library xil_defaultlib
INFO: [VRFC 10-311] analyzing module InstructionMemory
INFO: [VRFC 10-2263] Analyzing Verilog file "D:/Workfile/Git/RISCV_NYU/RISCV.srcs/sources_1/new/DataMemory.v" into library xil_defaultlib
INFO: [VRFC 10-311] analyzing module DataMemory
INFO: [VRFC 10-2263] Analyzing Verilog file "D:/Workfile/Git/RISCV_NYU/RISCV.srcs/sim_1/new/IM_testbench.v" into library xil_defaultlib
INFO: [VRFC 10-311] analyzing module IM_testbench
INFO: [VRFC 10-2263] Analyzing Verilog file "D:/Workfile/Git/RISCV_NYU/RISCV.srcs/sim_1/new/DM_testbench.v" into library xil_defaultlib
INFO: [VRFC 10-311] analyzing module DM_testbench
"xvhdl --incr --relax -prj TOP_vhdl.prj"
INFO: [USF-XSim-69] 'compile' step finished in '2' seconds
INFO: [USF-XSim-3] XSim::Elaborate design
INFO: [USF-XSim-61] Executing 'ELABORATE' step in 'D:/Workfile/Git/RISCV_NYU/RISCV.sim/sim_1/behav/xsim'
Vivado Simulator 2018.3
Copyright 1986-1999, 2001-2018 Xilinx, Inc. All Rights Reserved.
Running: D:/Xilinx/Vivado/2018.3/bin/unwrapped/win64.o/xelab.exe -wto 2385a856cd5d44a1addce1cd766aee52 --incr --debug typical --relax --mt 2 -L xil_defaultlib -L unisims_ver -L unimacro_ver -L secureip --snapshot TOP_behav xil_defaultlib.TOP xil_defaultlib.glbl -log elaborate.log 
Using 2 slave threads.
Starting static elaboration
Completed static elaboration
Starting simulation data flow analysis
Completed simulation data flow analysis
Time Resolution for simulation is 1ps
Compiling package std.standard
Compiling package std.textio
Compiling package ieee.std_logic_1164
Compiling package ieee.numeric_std
Compiling package ieee.std_logic_arith
Compiling package ieee.std_logic_unsigned
Compiling package vl.vl_types
Compiling module xil_defaultlib.glbl
Compiling architecture ctu of entity xil_defaultlib.Control_Unit [control_unit_default]
Compiling architecture pc_func of entity xil_defaultlib.PC [pc_default]
Compiling architecture behavioral of entity xil_defaultlib.reg [reg_default]
Compiling module xil_defaultlib.InstructionMemory
Compiling architecture behavioral of entity xil_defaultlib.alu [alu_default]
Compiling module xil_defaultlib.DataMemory
Compiling architecture behavioral of entity xil_defaultlib.top
Built simulation snapshot TOP_behav
INFO: [USF-XSim-69] 'elaborate' step finished in '2' seconds
INFO: [USF-XSim-4] XSim::Simulate design
INFO: [USF-XSim-61] Executing 'SIMULATE' step in 'D:/Workfile/Git/RISCV_NYU/RISCV.sim/sim_1/behav/xsim'
INFO: [USF-XSim-98] *** Running xsim
   with args "TOP_behav -key {Behavioral:sim_1:Functional:TOP} -tclbatch {TOP.tcl} -log {simulate.log}"
INFO: [USF-XSim-8] Loading simulator feature
Vivado Simulator 2018.3
Time resolution is 1 ps
source TOP.tcl
# set curr_wave [current_wave_config]
# if { [string length $curr_wave] == 0 } {
#   if { [llength [get_objects]] > 0} {
#     add_wave /
#     set_property needs_save false [current_wave_config]
#   } else {
#      send_msg_id Add_Wave-1 WARNING "No top level signals found. Simulator will start without a wave window. If you want to open a wave window go to 'File->New Waveform Configuration' or type 'create_wave_config' in the TCL console."
#   }
# }
# run 1000ns
INFO: [USF-XSim-96] XSim completed. Design snapshot 'TOP_behav' loaded.
INFO: [USF-XSim-97] XSim simulation ran for 1000ns
launch_simulation: Time (s): cpu = 00:00:02 ; elapsed = 00:00:06 . Memory (MB): peak = 971.520 ; gain = 0.000
restart
INFO: [Simtcl 6-17] Simulation restarted
current_wave_config {Untitled 8}
Untitled 8
add_wave {{/TOP/U5}} 
add_force {/TOP/clk} -radix hex {0 0ns} {1 5000ps} -repeat_every 10000ps
run 10 ns
add_force {/TOP/rst} -radix hex {1 0ns}
run 490 ns
close_sim
INFO: [Simtcl 6-16] Simulation closed
launch_simulation
INFO: [Vivado 12-5682] Launching behavioral simulation in 'D:/Workfile/Git/RISCV_NYU/RISCV.sim/sim_1/behav/xsim'
INFO: [SIM-utils-51] Simulation object is 'sim_1'
INFO: [SIM-utils-54] Inspecting design source files for 'TOP' in fileset 'sim_1'...
INFO: [USF-XSim-97] Finding global include files...
INFO: [USF-XSim-100] Fetching design files from 'sources_1'...(this may take a while)...
INFO: [USF-XSim-101] Fetching design files from 'sim_1'...
INFO: [USF-XSim-2] XSim::Compile design
INFO: [USF-XSim-61] Executing 'COMPILE and ANALYZE' step in 'D:/Workfile/Git/RISCV_NYU/RISCV.sim/sim_1/behav/xsim'
"xvlog --incr --relax -prj TOP_vlog.prj"
INFO: [VRFC 10-2263] Analyzing Verilog file "D:/Workfile/Git/RISCV_NYU/RISCV.srcs/sources_1/new/InstructionMemory.v" into library xil_defaultlib
INFO: [VRFC 10-311] analyzing module InstructionMemory
INFO: [VRFC 10-2263] Analyzing Verilog file "D:/Workfile/Git/RISCV_NYU/RISCV.srcs/sources_1/new/DataMemory.v" into library xil_defaultlib
INFO: [VRFC 10-311] analyzing module DataMemory
INFO: [VRFC 10-2263] Analyzing Verilog file "D:/Workfile/Git/RISCV_NYU/RISCV.srcs/sim_1/new/IM_testbench.v" into library xil_defaultlib
INFO: [VRFC 10-311] analyzing module IM_testbench
INFO: [VRFC 10-2263] Analyzing Verilog file "D:/Workfile/Git/RISCV_NYU/RISCV.srcs/sim_1/new/DM_testbench.v" into library xil_defaultlib
INFO: [VRFC 10-311] analyzing module DM_testbench
"xvhdl --incr --relax -prj TOP_vhdl.prj"
INFO: [USF-XSim-69] 'compile' step finished in '1' seconds
INFO: [USF-XSim-3] XSim::Elaborate design
INFO: [USF-XSim-61] Executing 'ELABORATE' step in 'D:/Workfile/Git/RISCV_NYU/RISCV.sim/sim_1/behav/xsim'
Vivado Simulator 2018.3
Copyright 1986-1999, 2001-2018 Xilinx, Inc. All Rights Reserved.
Running: D:/Xilinx/Vivado/2018.3/bin/unwrapped/win64.o/xelab.exe -wto 2385a856cd5d44a1addce1cd766aee52 --incr --debug typical --relax --mt 2 -L xil_defaultlib -L unisims_ver -L unimacro_ver -L secureip --snapshot TOP_behav xil_defaultlib.TOP xil_defaultlib.glbl -log elaborate.log 
Using 2 slave threads.
Starting static elaboration
Completed static elaboration
Starting simulation data flow analysis
Completed simulation data flow analysis
Time Resolution for simulation is 1ps
Compiling package std.standard
Compiling package std.textio
Compiling package ieee.std_logic_1164
Compiling package ieee.numeric_std
Compiling package ieee.std_logic_arith
Compiling package ieee.std_logic_unsigned
Compiling package vl.vl_types
Compiling module xil_defaultlib.glbl
Compiling architecture ctu of entity xil_defaultlib.Control_Unit [control_unit_default]
Compiling architecture pc_func of entity xil_defaultlib.PC [pc_default]
Compiling architecture behavioral of entity xil_defaultlib.reg [reg_default]
Compiling module xil_defaultlib.InstructionMemory
Compiling architecture behavioral of entity xil_defaultlib.alu [alu_default]
Compiling module xil_defaultlib.DataMemory
Compiling architecture behavioral of entity xil_defaultlib.top
Built simulation snapshot TOP_behav
INFO: [USF-XSim-69] 'elaborate' step finished in '2' seconds
INFO: [USF-XSim-4] XSim::Simulate design
INFO: [USF-XSim-61] Executing 'SIMULATE' step in 'D:/Workfile/Git/RISCV_NYU/RISCV.sim/sim_1/behav/xsim'
INFO: [USF-XSim-98] *** Running xsim
   with args "TOP_behav -key {Behavioral:sim_1:Functional:TOP} -tclbatch {TOP.tcl} -log {simulate.log}"
INFO: [USF-XSim-8] Loading simulator feature
Vivado Simulator 2018.3
Time resolution is 1 ps
source TOP.tcl
# set curr_wave [current_wave_config]
# if { [string length $curr_wave] == 0 } {
#   if { [llength [get_objects]] > 0} {
#     add_wave /
#     set_property needs_save false [current_wave_config]
#   } else {
#      send_msg_id Add_Wave-1 WARNING "No top level signals found. Simulator will start without a wave window. If you want to open a wave window go to 'File->New Waveform Configuration' or type 'create_wave_config' in the TCL console."
#   }
# }
# run 1000ns
INFO: [USF-XSim-96] XSim completed. Design snapshot 'TOP_behav' loaded.
INFO: [USF-XSim-97] XSim simulation ran for 1000ns
launch_simulation: Time (s): cpu = 00:00:02 ; elapsed = 00:00:06 . Memory (MB): peak = 971.520 ; gain = 0.000
current_wave_config {Untitled 9}
Untitled 9
add_wave {{/TOP/U5}} 
restart
INFO: [Simtcl 6-17] Simulation restarted
add_force {/TOP/clk} -radix hex {0 0ns} {1 5000ps} -repeat_every 10000ps
run 10 ns
add_force {/TOP/rst} -radix hex {1 0ns}
run 490 ns
restart
INFO: [Simtcl 6-17] Simulation restarted
add_force {/TOP/clk} -radix hex {0 0ns} {1 5000ps} -repeat_every 10000ps
add_force {/TOP/rst} -radix hex {0 0ns}
run 10 ns
add_force {/TOP/rst} -radix hex {1 0ns}
run 490 ns
close_sim
INFO: [Simtcl 6-16] Simulation closed
launch_simulation
INFO: [Vivado 12-5682] Launching behavioral simulation in 'D:/Workfile/Git/RISCV_NYU/RISCV.sim/sim_1/behav/xsim'
INFO: [SIM-utils-51] Simulation object is 'sim_1'
INFO: [SIM-utils-54] Inspecting design source files for 'TOP' in fileset 'sim_1'...
INFO: [USF-XSim-97] Finding global include files...
INFO: [USF-XSim-100] Fetching design files from 'sources_1'...(this may take a while)...
INFO: [USF-XSim-101] Fetching design files from 'sim_1'...
INFO: [USF-XSim-2] XSim::Compile design
INFO: [USF-XSim-61] Executing 'COMPILE and ANALYZE' step in 'D:/Workfile/Git/RISCV_NYU/RISCV.sim/sim_1/behav/xsim'
"xvlog --incr --relax -prj TOP_vlog.prj"
INFO: [VRFC 10-2263] Analyzing Verilog file "D:/Workfile/Git/RISCV_NYU/RISCV.srcs/sources_1/new/InstructionMemory.v" into library xil_defaultlib
INFO: [VRFC 10-311] analyzing module InstructionMemory
INFO: [VRFC 10-2263] Analyzing Verilog file "D:/Workfile/Git/RISCV_NYU/RISCV.srcs/sources_1/new/DataMemory.v" into library xil_defaultlib
INFO: [VRFC 10-311] analyzing module DataMemory
INFO: [VRFC 10-2263] Analyzing Verilog file "D:/Workfile/Git/RISCV_NYU/RISCV.srcs/sim_1/new/IM_testbench.v" into library xil_defaultlib
INFO: [VRFC 10-311] analyzing module IM_testbench
INFO: [VRFC 10-2263] Analyzing Verilog file "D:/Workfile/Git/RISCV_NYU/RISCV.srcs/sim_1/new/DM_testbench.v" into library xil_defaultlib
INFO: [VRFC 10-311] analyzing module DM_testbench
"xvhdl --incr --relax -prj TOP_vhdl.prj"
INFO: [USF-XSim-69] 'compile' step finished in '2' seconds
INFO: [USF-XSim-3] XSim::Elaborate design
INFO: [USF-XSim-61] Executing 'ELABORATE' step in 'D:/Workfile/Git/RISCV_NYU/RISCV.sim/sim_1/behav/xsim'
Vivado Simulator 2018.3
Copyright 1986-1999, 2001-2018 Xilinx, Inc. All Rights Reserved.
Running: D:/Xilinx/Vivado/2018.3/bin/unwrapped/win64.o/xelab.exe -wto 2385a856cd5d44a1addce1cd766aee52 --incr --debug typical --relax --mt 2 -L xil_defaultlib -L unisims_ver -L unimacro_ver -L secureip --snapshot TOP_behav xil_defaultlib.TOP xil_defaultlib.glbl -log elaborate.log 
Using 2 slave threads.
Starting static elaboration
Completed static elaboration
Starting simulation data flow analysis
Completed simulation data flow analysis
Time Resolution for simulation is 1ps
Compiling package std.standard
Compiling package std.textio
Compiling package ieee.std_logic_1164
Compiling package ieee.numeric_std
Compiling package ieee.std_logic_arith
Compiling package ieee.std_logic_unsigned
Compiling package vl.vl_types
Compiling module xil_defaultlib.glbl
Compiling architecture ctu of entity xil_defaultlib.Control_Unit [control_unit_default]
Compiling architecture pc_func of entity xil_defaultlib.PC [pc_default]
Compiling architecture behavioral of entity xil_defaultlib.reg [reg_default]
Compiling module xil_defaultlib.InstructionMemory
Compiling architecture behavioral of entity xil_defaultlib.alu [alu_default]
Compiling module xil_defaultlib.DataMemory
Compiling architecture behavioral of entity xil_defaultlib.top
Built simulation snapshot TOP_behav
INFO: [USF-XSim-69] 'elaborate' step finished in '2' seconds
INFO: [USF-XSim-4] XSim::Simulate design
INFO: [USF-XSim-61] Executing 'SIMULATE' step in 'D:/Workfile/Git/RISCV_NYU/RISCV.sim/sim_1/behav/xsim'
INFO: [USF-XSim-98] *** Running xsim
   with args "TOP_behav -key {Behavioral:sim_1:Functional:TOP} -tclbatch {TOP.tcl} -log {simulate.log}"
INFO: [USF-XSim-8] Loading simulator feature
Vivado Simulator 2018.3
Time resolution is 1 ps
source TOP.tcl
# set curr_wave [current_wave_config]
# if { [string length $curr_wave] == 0 } {
#   if { [llength [get_objects]] > 0} {
#     add_wave /
#     set_property needs_save false [current_wave_config]
#   } else {
#      send_msg_id Add_Wave-1 WARNING "No top level signals found. Simulator will start without a wave window. If you want to open a wave window go to 'File->New Waveform Configuration' or type 'create_wave_config' in the TCL console."
#   }
# }
# run 1000ns
INFO: [USF-XSim-96] XSim completed. Design snapshot 'TOP_behav' loaded.
INFO: [USF-XSim-97] XSim simulation ran for 1000ns
launch_simulation: Time (s): cpu = 00:00:02 ; elapsed = 00:00:06 . Memory (MB): peak = 980.750 ; gain = 0.000
current_wave_config {Untitled 10}
Untitled 10
add_wave {{/TOP/U5}} 
restart
INFO: [Simtcl 6-17] Simulation restarted
add_force {/TOP/rst} -radix hex {0 0ns}
add_force {/TOP/clk} -radix hex {0 0ns} {1 5000ps} -repeat_every 10000ps
run 10 ns
restart
INFO: [Simtcl 6-17] Simulation restarted
add_force {/TOP/clk} -radix hex {0 0ns} {1 5000ps} -repeat_every 10000ps
run 10 ns
add_force {/TOP/rst} -radix hex {1 0ns}
run 490 ns
restart
INFO: [Simtcl 6-17] Simulation restarted
add_force {/TOP/rst} -radix hex {0 0ns}
add_force {/TOP/clk} -radix hex {0 0ns} {1 5000ps} -repeat_every 10000ps
run 10 ns
add_force {/TOP/rst} -radix hex {1 0ns}
run 490 ns
restart
INFO: [Simtcl 6-17] Simulation restarted
current_wave_config {Untitled 10}
Untitled 10
add_wave {{/TOP/U4}} 
add_force {/TOP/clk} -radix hex {0 0ns} {1 5000ps} -repeat_every 10000ps
run 10 ns
add_force {/TOP/rst} -radix hex {1 0ns}
run 490 ns
close_sim
INFO: [Simtcl 6-16] Simulation closed
launch_simulation
INFO: [Vivado 12-5682] Launching behavioral simulation in 'D:/Workfile/Git/RISCV_NYU/RISCV.sim/sim_1/behav/xsim'
INFO: [SIM-utils-51] Simulation object is 'sim_1'
INFO: [SIM-utils-54] Inspecting design source files for 'TOP' in fileset 'sim_1'...
INFO: [USF-XSim-97] Finding global include files...
INFO: [USF-XSim-100] Fetching design files from 'sources_1'...(this may take a while)...
INFO: [USF-XSim-101] Fetching design files from 'sim_1'...
INFO: [USF-XSim-2] XSim::Compile design
INFO: [USF-XSim-61] Executing 'COMPILE and ANALYZE' step in 'D:/Workfile/Git/RISCV_NYU/RISCV.sim/sim_1/behav/xsim'
"xvlog --incr --relax -prj TOP_vlog.prj"
INFO: [VRFC 10-2263] Analyzing Verilog file "D:/Workfile/Git/RISCV_NYU/RISCV.srcs/sources_1/new/InstructionMemory.v" into library xil_defaultlib
INFO: [VRFC 10-311] analyzing module InstructionMemory
INFO: [VRFC 10-2263] Analyzing Verilog file "D:/Workfile/Git/RISCV_NYU/RISCV.srcs/sources_1/new/DataMemory.v" into library xil_defaultlib
INFO: [VRFC 10-311] analyzing module DataMemory
INFO: [VRFC 10-2263] Analyzing Verilog file "D:/Workfile/Git/RISCV_NYU/RISCV.srcs/sim_1/new/IM_testbench.v" into library xil_defaultlib
INFO: [VRFC 10-311] analyzing module IM_testbench
INFO: [VRFC 10-2263] Analyzing Verilog file "D:/Workfile/Git/RISCV_NYU/RISCV.srcs/sim_1/new/DM_testbench.v" into library xil_defaultlib
INFO: [VRFC 10-311] analyzing module DM_testbench
"xvhdl --incr --relax -prj TOP_vhdl.prj"
INFO: [USF-XSim-69] 'compile' step finished in '1' seconds
INFO: [USF-XSim-3] XSim::Elaborate design
INFO: [USF-XSim-61] Executing 'ELABORATE' step in 'D:/Workfile/Git/RISCV_NYU/RISCV.sim/sim_1/behav/xsim'
Vivado Simulator 2018.3
Copyright 1986-1999, 2001-2018 Xilinx, Inc. All Rights Reserved.
Running: D:/Xilinx/Vivado/2018.3/bin/unwrapped/win64.o/xelab.exe -wto 2385a856cd5d44a1addce1cd766aee52 --incr --debug typical --relax --mt 2 -L xil_defaultlib -L unisims_ver -L unimacro_ver -L secureip --snapshot TOP_behav xil_defaultlib.TOP xil_defaultlib.glbl -log elaborate.log 
Using 2 slave threads.
Starting static elaboration
Completed static elaboration
Starting simulation data flow analysis
Completed simulation data flow analysis
Time Resolution for simulation is 1ps
Compiling package std.standard
Compiling package std.textio
Compiling package ieee.std_logic_1164
Compiling package ieee.numeric_std
Compiling package ieee.std_logic_arith
Compiling package ieee.std_logic_unsigned
Compiling package vl.vl_types
Compiling module xil_defaultlib.glbl
Compiling architecture ctu of entity xil_defaultlib.Control_Unit [control_unit_default]
Compiling architecture pc_func of entity xil_defaultlib.PC [pc_default]
Compiling architecture behavioral of entity xil_defaultlib.reg [reg_default]
Compiling module xil_defaultlib.InstructionMemory
Compiling architecture behavioral of entity xil_defaultlib.alu [alu_default]
Compiling module xil_defaultlib.DataMemory
Compiling architecture behavioral of entity xil_defaultlib.top
Built simulation snapshot TOP_behav
INFO: [USF-XSim-69] 'elaborate' step finished in '2' seconds
INFO: [USF-XSim-4] XSim::Simulate design
INFO: [USF-XSim-61] Executing 'SIMULATE' step in 'D:/Workfile/Git/RISCV_NYU/RISCV.sim/sim_1/behav/xsim'
INFO: [USF-XSim-98] *** Running xsim
   with args "TOP_behav -key {Behavioral:sim_1:Functional:TOP} -tclbatch {TOP.tcl} -log {simulate.log}"
INFO: [USF-XSim-8] Loading simulator feature
Vivado Simulator 2018.3
Time resolution is 1 ps
source TOP.tcl
# set curr_wave [current_wave_config]
# if { [string length $curr_wave] == 0 } {
#   if { [llength [get_objects]] > 0} {
#     add_wave /
#     set_property needs_save false [current_wave_config]
#   } else {
#      send_msg_id Add_Wave-1 WARNING "No top level signals found. Simulator will start without a wave window. If you want to open a wave window go to 'File->New Waveform Configuration' or type 'create_wave_config' in the TCL console."
#   }
# }
# run 1000ns
INFO: [USF-XSim-96] XSim completed. Design snapshot 'TOP_behav' loaded.
INFO: [USF-XSim-97] XSim simulation ran for 1000ns
launch_simulation: Time (s): cpu = 00:00:03 ; elapsed = 00:00:06 . Memory (MB): peak = 1285.738 ; gain = 0.000
current_wave_config {Untitled 11}
Untitled 11
add_wave {{/TOP/U5}} 
restart
INFO: [Simtcl 6-17] Simulation restarted
add_force {/TOP/rst} -radix hex {0 0ns}
add_force {/TOP/clk} -radix hex {0 0ns} {1 5000ps} -repeat_every 10000ps
run 10 ns
restart
INFO: [Simtcl 6-17] Simulation restarted
add_force {/TOP/clk} -radix hex {0 0ns} {1 5000ps} -repeat_every 10000ps
run 10 ns
add_force {/TOP/rst} -radix hex {1 0ns}
run 490 ns
restart
INFO: [Simtcl 6-17] Simulation restarted
current_wave_config {Untitled 11}
Untitled 11
add_wave {{/TOP/U3}} 
add_force {/TOP/clk} -radix hex {0 0ns} {1 5000ps} -repeat_every 10000ps
run 10 ns
restart
INFO: [Simtcl 6-17] Simulation restarted
add_force {/TOP/rst} -radix hex {0 0ns}
add_force {/TOP/clk} -radix hex {0 0ns} {1 5000ps} -repeat_every 10000ps
run 10 ns
add_force {/TOP/rst} -radix hex {1 0ns}
run 490 ns
close_sim
INFO: [Simtcl 6-16] Simulation closed
launch_simulation
INFO: [Vivado 12-5682] Launching behavioral simulation in 'D:/Workfile/Git/RISCV_NYU/RISCV.sim/sim_1/behav/xsim'
INFO: [SIM-utils-51] Simulation object is 'sim_1'
INFO: [SIM-utils-54] Inspecting design source files for 'TOP' in fileset 'sim_1'...
INFO: [USF-XSim-97] Finding global include files...
INFO: [USF-XSim-100] Fetching design files from 'sources_1'...(this may take a while)...
INFO: [USF-XSim-101] Fetching design files from 'sim_1'...
INFO: [USF-XSim-2] XSim::Compile design
INFO: [USF-XSim-61] Executing 'COMPILE and ANALYZE' step in 'D:/Workfile/Git/RISCV_NYU/RISCV.sim/sim_1/behav/xsim'
"xvlog --incr --relax -prj TOP_vlog.prj"
INFO: [VRFC 10-2263] Analyzing Verilog file "D:/Workfile/Git/RISCV_NYU/RISCV.srcs/sources_1/new/InstructionMemory.v" into library xil_defaultlib
INFO: [VRFC 10-311] analyzing module InstructionMemory
INFO: [VRFC 10-2263] Analyzing Verilog file "D:/Workfile/Git/RISCV_NYU/RISCV.srcs/sources_1/new/DataMemory.v" into library xil_defaultlib
INFO: [VRFC 10-311] analyzing module DataMemory
INFO: [VRFC 10-2263] Analyzing Verilog file "D:/Workfile/Git/RISCV_NYU/RISCV.srcs/sim_1/new/IM_testbench.v" into library xil_defaultlib
INFO: [VRFC 10-311] analyzing module IM_testbench
INFO: [VRFC 10-2263] Analyzing Verilog file "D:/Workfile/Git/RISCV_NYU/RISCV.srcs/sim_1/new/DM_testbench.v" into library xil_defaultlib
INFO: [VRFC 10-311] analyzing module DM_testbench
"xvhdl --incr --relax -prj TOP_vhdl.prj"
INFO: [USF-XSim-69] 'compile' step finished in '1' seconds
INFO: [USF-XSim-3] XSim::Elaborate design
INFO: [USF-XSim-61] Executing 'ELABORATE' step in 'D:/Workfile/Git/RISCV_NYU/RISCV.sim/sim_1/behav/xsim'
Vivado Simulator 2018.3
Copyright 1986-1999, 2001-2018 Xilinx, Inc. All Rights Reserved.
Running: D:/Xilinx/Vivado/2018.3/bin/unwrapped/win64.o/xelab.exe -wto 2385a856cd5d44a1addce1cd766aee52 --incr --debug typical --relax --mt 2 -L xil_defaultlib -L unisims_ver -L unimacro_ver -L secureip --snapshot TOP_behav xil_defaultlib.TOP xil_defaultlib.glbl -log elaborate.log 
Using 2 slave threads.
Starting static elaboration
Completed static elaboration
Starting simulation data flow analysis
Completed simulation data flow analysis
Time Resolution for simulation is 1ps
Compiling package std.standard
Compiling package std.textio
Compiling package ieee.std_logic_1164
Compiling package ieee.numeric_std
Compiling package ieee.std_logic_arith
Compiling package ieee.std_logic_unsigned
Compiling package vl.vl_types
Compiling module xil_defaultlib.glbl
Compiling architecture ctu of entity xil_defaultlib.Control_Unit [control_unit_default]
Compiling architecture pc_func of entity xil_defaultlib.PC [pc_default]
Compiling architecture behavioral of entity xil_defaultlib.reg [reg_default]
Compiling module xil_defaultlib.InstructionMemory
Compiling architecture behavioral of entity xil_defaultlib.alu [alu_default]
Compiling module xil_defaultlib.DataMemory
Compiling architecture behavioral of entity xil_defaultlib.top
Built simulation snapshot TOP_behav
INFO: [USF-XSim-69] 'elaborate' step finished in '2' seconds
INFO: [USF-XSim-4] XSim::Simulate design
INFO: [USF-XSim-61] Executing 'SIMULATE' step in 'D:/Workfile/Git/RISCV_NYU/RISCV.sim/sim_1/behav/xsim'
INFO: [USF-XSim-98] *** Running xsim
   with args "TOP_behav -key {Behavioral:sim_1:Functional:TOP} -tclbatch {TOP.tcl} -log {simulate.log}"
INFO: [USF-XSim-8] Loading simulator feature
Vivado Simulator 2018.3
Time resolution is 1 ps
source TOP.tcl
# set curr_wave [current_wave_config]
# if { [string length $curr_wave] == 0 } {
#   if { [llength [get_objects]] > 0} {
#     add_wave /
#     set_property needs_save false [current_wave_config]
#   } else {
#      send_msg_id Add_Wave-1 WARNING "No top level signals found. Simulator will start without a wave window. If you want to open a wave window go to 'File->New Waveform Configuration' or type 'create_wave_config' in the TCL console."
#   }
# }
# run 1000ns
INFO: [USF-XSim-96] XSim completed. Design snapshot 'TOP_behav' loaded.
INFO: [USF-XSim-97] XSim simulation ran for 1000ns
launch_simulation: Time (s): cpu = 00:00:02 ; elapsed = 00:00:06 . Memory (MB): peak = 1285.738 ; gain = 0.000
restart
INFO: [Simtcl 6-17] Simulation restarted
add_force {/TOP/clk} -radix hex {0 0ns} {1 5000ps} -repeat_every 10000ps
run 10 ns
add_force {/TOP/rst} -radix hex {1 0ns}
run 1000 ns
run 1000 ns
run 1000 ns
run 1000 ns
run 1000 ns
run 1000 ns
run 1000 ns
run 1000 ns
run 1000 ns
run 1000 ns
run 1000 ns
run 1000 ns
run 1000 ns
run 1000 ns
run 1000 ns
run 1000 ns
run 1000 ns
run 1000 ns
run 1000 ns
run 1000 ns
run 1000 ns
run 1000 ns
run 1000 ns
run 1000 ns
run 1000 ns
run 1000 ns
run 1000 ns
run 1000 ns
run 1000 ns
run 1000 ns
run 1000 ns
run 1000 ns
run 1000 ns
run 1000 ns
run 1000 ns
run 1000 ns
run 1000 ns
run 1000 ns
run 1000 ns
run 1000 ns
run 1000 ns
run 1000 ns
run 1000 ns
run 1000 ns
run 1000 ns
run 1000 ns
run 1000 ns
run 1000 ns
run 1000 ns
run 1000 ns
run 1000 ns
run 1000 ns
run 1000 ns
restart
INFO: [Simtcl 6-17] Simulation restarted
current_wave_config {Untitled 12}
Untitled 12
add_wave {{/TOP/U5}} 
add_force {/TOP/rst} -radix hex {0 0ns}
current_wave_config {Untitled 12}
Untitled 12
add_wave {{/TOP/U3}} 
add_force {/TOP/clk} -radix hex {0 0ns} {1 5000ps} -repeat_every 10000ps
run 10 ns
restart
INFO: [Simtcl 6-17] Simulation restarted
add_force {/TOP/clk} -radix hex {0 0ns} {1 5000ps} -repeat_every 10000ps
run 10 ns
add_force {/TOP/rst} -radix hex {1 0ns}
run 52000 ns
close_sim
INFO: [Simtcl 6-16] Simulation closed
launch_simulation
INFO: [Vivado 12-5682] Launching behavioral simulation in 'D:/Workfile/Git/RISCV_NYU/RISCV.sim/sim_1/behav/xsim'
INFO: [SIM-utils-51] Simulation object is 'sim_1'
INFO: [SIM-utils-54] Inspecting design source files for 'TOP' in fileset 'sim_1'...
INFO: [USF-XSim-97] Finding global include files...
INFO: [USF-XSim-100] Fetching design files from 'sources_1'...(this may take a while)...
INFO: [USF-XSim-101] Fetching design files from 'sim_1'...
INFO: [USF-XSim-2] XSim::Compile design
INFO: [USF-XSim-61] Executing 'COMPILE and ANALYZE' step in 'D:/Workfile/Git/RISCV_NYU/RISCV.sim/sim_1/behav/xsim'
"xvlog --incr --relax -prj TOP_vlog.prj"
INFO: [VRFC 10-2263] Analyzing Verilog file "D:/Workfile/Git/RISCV_NYU/RISCV.srcs/sources_1/new/InstructionMemory.v" into library xil_defaultlib
INFO: [VRFC 10-311] analyzing module InstructionMemory
INFO: [VRFC 10-2263] Analyzing Verilog file "D:/Workfile/Git/RISCV_NYU/RISCV.srcs/sources_1/new/DataMemory.v" into library xil_defaultlib
INFO: [VRFC 10-311] analyzing module DataMemory
INFO: [VRFC 10-2263] Analyzing Verilog file "D:/Workfile/Git/RISCV_NYU/RISCV.srcs/sim_1/new/IM_testbench.v" into library xil_defaultlib
INFO: [VRFC 10-311] analyzing module IM_testbench
INFO: [VRFC 10-2263] Analyzing Verilog file "D:/Workfile/Git/RISCV_NYU/RISCV.srcs/sim_1/new/DM_testbench.v" into library xil_defaultlib
INFO: [VRFC 10-311] analyzing module DM_testbench
"xvhdl --incr --relax -prj TOP_vhdl.prj"
INFO: [VRFC 10-163] Analyzing VHDL file "D:/Workfile/Git/RISCV_NYU/RISCV.srcs/sources_1/imports/Desktop/alu.vhd" into library xil_defaultlib
INFO: [VRFC 10-3107] analyzing entity 'alu'
INFO: [USF-XSim-69] 'compile' step finished in '2' seconds
INFO: [USF-XSim-3] XSim::Elaborate design
INFO: [USF-XSim-61] Executing 'ELABORATE' step in 'D:/Workfile/Git/RISCV_NYU/RISCV.sim/sim_1/behav/xsim'
Vivado Simulator 2018.3
Copyright 1986-1999, 2001-2018 Xilinx, Inc. All Rights Reserved.
Running: D:/Xilinx/Vivado/2018.3/bin/unwrapped/win64.o/xelab.exe -wto 2385a856cd5d44a1addce1cd766aee52 --incr --debug typical --relax --mt 2 -L xil_defaultlib -L unisims_ver -L unimacro_ver -L secureip --snapshot TOP_behav xil_defaultlib.TOP xil_defaultlib.glbl -log elaborate.log 
Using 2 slave threads.
Starting static elaboration
Completed static elaboration
Starting simulation data flow analysis
Completed simulation data flow analysis
Time Resolution for simulation is 1ps
Compiling package std.standard
Compiling package std.textio
Compiling package ieee.std_logic_1164
Compiling package ieee.numeric_std
Compiling package ieee.std_logic_arith
Compiling package ieee.std_logic_unsigned
Compiling package vl.vl_types
Compiling module xil_defaultlib.glbl
Compiling architecture ctu of entity xil_defaultlib.Control_Unit [control_unit_default]
Compiling architecture pc_func of entity xil_defaultlib.PC [pc_default]
Compiling architecture behavioral of entity xil_defaultlib.reg [reg_default]
Compiling module xil_defaultlib.InstructionMemory
Compiling architecture behavioral of entity xil_defaultlib.alu [alu_default]
Compiling module xil_defaultlib.DataMemory
Compiling architecture behavioral of entity xil_defaultlib.top
Built simulation snapshot TOP_behav
INFO: [USF-XSim-69] 'elaborate' step finished in '2' seconds
INFO: [USF-XSim-4] XSim::Simulate design
INFO: [USF-XSim-61] Executing 'SIMULATE' step in 'D:/Workfile/Git/RISCV_NYU/RISCV.sim/sim_1/behav/xsim'
INFO: [USF-XSim-98] *** Running xsim
   with args "TOP_behav -key {Behavioral:sim_1:Functional:TOP} -tclbatch {TOP.tcl} -log {simulate.log}"
INFO: [USF-XSim-8] Loading simulator feature
Vivado Simulator 2018.3
Time resolution is 1 ps
source TOP.tcl
# set curr_wave [current_wave_config]
# if { [string length $curr_wave] == 0 } {
#   if { [llength [get_objects]] > 0} {
#     add_wave /
#     set_property needs_save false [current_wave_config]
#   } else {
#      send_msg_id Add_Wave-1 WARNING "No top level signals found. Simulator will start without a wave window. If you want to open a wave window go to 'File->New Waveform Configuration' or type 'create_wave_config' in the TCL console."
#   }
# }
# run 1000ns
INFO: [USF-XSim-96] XSim completed. Design snapshot 'TOP_behav' loaded.
INFO: [USF-XSim-97] XSim simulation ran for 1000ns
launch_simulation: Time (s): cpu = 00:00:02 ; elapsed = 00:00:06 . Memory (MB): peak = 1285.738 ; gain = 0.000
current_wave_config {Untitled 13}
Untitled 13
add_wave {{/TOP/U5}} 
current_wave_config {Untitled 13}
Untitled 13
add_wave {{/TOP/U3}} 
restart
INFO: [Simtcl 6-17] Simulation restarted
add_force {/TOP/rst} -radix hex {0 0ns}
add_force {/TOP/clk} -radix hex {0 0ns} {1 5000ps} -repeat_every 10000ps
run 10 ns
add_force {/TOP/rst} -radix hex {1 0ns}
run 52000 ns
save_wave_config {C:/Users/CM/Desktop/TOP_behav.wcfg}
close_sim
INFO: [Simtcl 6-16] Simulation closed
launch_simulation
INFO: [Vivado 12-5682] Launching behavioral simulation in 'D:/Workfile/Git/RISCV_NYU/RISCV.sim/sim_1/behav/xsim'
INFO: [SIM-utils-51] Simulation object is 'sim_1'
INFO: [SIM-utils-54] Inspecting design source files for 'TOP' in fileset 'sim_1'...
INFO: [USF-XSim-97] Finding global include files...
INFO: [USF-XSim-100] Fetching design files from 'sources_1'...(this may take a while)...
INFO: [USF-XSim-101] Fetching design files from 'sim_1'...
INFO: [USF-XSim-2] XSim::Compile design
INFO: [USF-XSim-61] Executing 'COMPILE and ANALYZE' step in 'D:/Workfile/Git/RISCV_NYU/RISCV.sim/sim_1/behav/xsim'
"xvlog --incr --relax -prj TOP_vlog.prj"
INFO: [VRFC 10-2263] Analyzing Verilog file "D:/Workfile/Git/RISCV_NYU/RISCV.srcs/sources_1/new/InstructionMemory.v" into library xil_defaultlib
INFO: [VRFC 10-311] analyzing module InstructionMemory
INFO: [VRFC 10-2263] Analyzing Verilog file "D:/Workfile/Git/RISCV_NYU/RISCV.srcs/sources_1/new/DataMemory.v" into library xil_defaultlib
INFO: [VRFC 10-311] analyzing module DataMemory
INFO: [VRFC 10-2263] Analyzing Verilog file "D:/Workfile/Git/RISCV_NYU/RISCV.srcs/sim_1/new/IM_testbench.v" into library xil_defaultlib
INFO: [VRFC 10-311] analyzing module IM_testbench
INFO: [VRFC 10-2263] Analyzing Verilog file "D:/Workfile/Git/RISCV_NYU/RISCV.srcs/sim_1/new/DM_testbench.v" into library xil_defaultlib
INFO: [VRFC 10-311] analyzing module DM_testbench
"xvhdl --incr --relax -prj TOP_vhdl.prj"
INFO: [USF-XSim-69] 'compile' step finished in '1' seconds
INFO: [USF-XSim-3] XSim::Elaborate design
INFO: [USF-XSim-61] Executing 'ELABORATE' step in 'D:/Workfile/Git/RISCV_NYU/RISCV.sim/sim_1/behav/xsim'
Vivado Simulator 2018.3
Copyright 1986-1999, 2001-2018 Xilinx, Inc. All Rights Reserved.
Running: D:/Xilinx/Vivado/2018.3/bin/unwrapped/win64.o/xelab.exe -wto 2385a856cd5d44a1addce1cd766aee52 --incr --debug typical --relax --mt 2 -L xil_defaultlib -L unisims_ver -L unimacro_ver -L secureip --snapshot TOP_behav xil_defaultlib.TOP xil_defaultlib.glbl -log elaborate.log 
Using 2 slave threads.
Starting static elaboration
Completed static elaboration
Starting simulation data flow analysis
Completed simulation data flow analysis
Time Resolution for simulation is 1ps
Compiling package std.standard
Compiling package std.textio
Compiling package ieee.std_logic_1164
Compiling package ieee.numeric_std
Compiling package ieee.std_logic_arith
Compiling package ieee.std_logic_unsigned
Compiling package vl.vl_types
Compiling module xil_defaultlib.glbl
Compiling architecture ctu of entity xil_defaultlib.Control_Unit [control_unit_default]
Compiling architecture pc_func of entity xil_defaultlib.PC [pc_default]
Compiling architecture behavioral of entity xil_defaultlib.reg [reg_default]
Compiling module xil_defaultlib.InstructionMemory
Compiling architecture behavioral of entity xil_defaultlib.alu [alu_default]
Compiling module xil_defaultlib.DataMemory
Compiling architecture behavioral of entity xil_defaultlib.top
Built simulation snapshot TOP_behav
INFO: [USF-XSim-69] 'elaborate' step finished in '2' seconds
INFO: [USF-XSim-4] XSim::Simulate design
INFO: [USF-XSim-61] Executing 'SIMULATE' step in 'D:/Workfile/Git/RISCV_NYU/RISCV.sim/sim_1/behav/xsim'
INFO: [USF-XSim-98] *** Running xsim
   with args "TOP_behav -key {Behavioral:sim_1:Functional:TOP} -tclbatch {TOP.tcl} -log {simulate.log}"
INFO: [USF-XSim-8] Loading simulator feature
Vivado Simulator 2018.3
Time resolution is 1 ps
source TOP.tcl
# set curr_wave [current_wave_config]
# if { [string length $curr_wave] == 0 } {
#   if { [llength [get_objects]] > 0} {
#     add_wave /
#     set_property needs_save false [current_wave_config]
#   } else {
#      send_msg_id Add_Wave-1 WARNING "No top level signals found. Simulator will start without a wave window. If you want to open a wave window go to 'File->New Waveform Configuration' or type 'create_wave_config' in the TCL console."
#   }
# }
# run 1000ns
INFO: [USF-XSim-96] XSim completed. Design snapshot 'TOP_behav' loaded.
INFO: [USF-XSim-97] XSim simulation ran for 1000ns
launch_simulation: Time (s): cpu = 00:00:02 ; elapsed = 00:00:07 . Memory (MB): peak = 1285.738 ; gain = 0.000
restart
INFO: [Simtcl 6-17] Simulation restarted
current_wave_config {Untitled 14}
Untitled 14
add_wave {{/TOP/U5}} 
add_force {/TOP/rst} -radix hex {0 0ns}
add_force {/TOP/clk} -radix hex {0 0ns} {1 5000ps} -repeat_every 10000ps
run 10 ns
add_force {/TOP/rst} -radix hex {1 0ns}
add_force {/TOP/rst} -radix hex {1 0ns}
run 1000 ns
run 1000 ns
run 1000 ns
run 1000 ns
run 1000 ns
run 1000 ns
run 1000 ns
run 1000 ns
run 1000 ns
run 1000 ns
run 1000 ns
run 1000 ns
run 1000 ns
run 1000 ns
run 1000 ns
run 1000 ns
run 1000 ns
run 1000 ns
run 1000 ns
run 1000 ns
run 1000 ns
run 1000 ns
run 1000 ns
run 1000 ns
run 1000 ns
run 1000 ns
run 1000 ns
run 1000 ns
run 1000 ns
run 1000 ns
current_wave_config {Untitled 14}
Untitled 14
add_wave {{/TOP/U3}} 
restart
INFO: [Simtcl 6-17] Simulation restarted
add_force {/TOP/rst} -radix hex {0 0ns}
add_force {/TOP/clk} -radix hex {0 0ns} {1 5000ps} -repeat_every 10000ps
run 1000 ns
add_force {/TOP/rst} -radix hex {1 0ns}
restart
INFO: [Simtcl 6-17] Simulation restarted
add_force {/TOP/rst} -radix hex {0 0ns}
add_force {/TOP/clk} -radix hex {0 0ns} {1 5000ps} -repeat_every 10000ps
run 10 ns
add_force {/TOP/rst} -radix hex {1 0ns}
run 29500 ns
close_sim
INFO: [Simtcl 6-16] Simulation closed
exit
INFO: [Common 17-206] Exiting Vivado at Wed Dec  8 16:59:30 2021...
