#-----------------------------------------------------------
# Vivado v2018.3 (64-bit)
# SW Build 2405991 on Thu Dec  6 23:38:27 MST 2018
# IP Build 2404404 on Fri Dec  7 01:43:56 MST 2018
# Start of session at: Sat Nov 13 22:38:14 2021
# Process ID: 12420
# Current directory: C:/Users/AERO/Desktop/RISCV_NYU
# Command line: vivado.exe -gui_launcher_event rodinguilauncherevent7628 C:\Users\AERO\Desktop\RISCV_NYU\RISCV.xpr
# Log file: C:/Users/AERO/Desktop/RISCV_NYU/vivado.log
# Journal file: C:/Users/AERO/Desktop/RISCV_NYU\vivado.jou
#-----------------------------------------------------------
start_gui
open_project C:/Users/AERO/Desktop/RISCV_NYU/RISCV.xpr
INFO: [Project 1-313] Project file moved from 'C:/Users/AERO/source/RISCV' since last save.
Scanning sources...
Finished scanning sources
INFO: [IP_Flow 19-234] Refreshing IP repositories
INFO: [IP_Flow 19-1704] No user IP repositories specified
INFO: [IP_Flow 19-2313] Loaded Vivado IP repository 'C:/Xilinx/Vivado/2018.3/data/ip'.
update_compile_order -fileset sources_1
exit
INFO: [Common 17-206] Exiting Vivado at Sat Nov 13 22:38:35 2021...
